{"/Users/tarak/Documents/projects/complex/client/src/App.js": {"path":"/Users/tarak/Documents/projects/complex/client/src/App.js","statementMap":{"0":{"start":{"line":16,"column":14},"end":{"line":16,"column":34}},"1":{"start":{"line":17,"column":27},"end":{"line":20,"column":1}},"2":{"start":{"line":18,"column":2},"end":{"line":19,"column":60}},"3":{"start":{"line":18,"column":12},"end":{"line":18,"column":78}},"4":{"start":{"line":19,"column":7},"end":{"line":19,"column":60}},"5":{"start":{"line":21,"column":19},"end":{"line":21,"column":37}},"6":{"start":{"line":26,"column":4},"end":{"line":28,"column":14}},"7":{"start":{"line":27,"column":6},"end":{"line":27,"column":25}},"8":{"start":{"line":31,"column":4},"end":{"line":35,"column":19}},"9":{"start":{"line":32,"column":8},"end":{"line":34,"column":9}},"10":{"start":{"line":33,"column":10},"end":{"line":33,"column":28}},"11":{"start":{"line":38,"column":4},"end":{"line":46,"column":6}},"12":{"start":{"line":49,"column":21},"end":{"line":49,"column":69}},"13":{"start":{"line":49,"column":40},"end":{"line":49,"column":50}}},"fnMap":{"0":{"name":"(anonymous_0)","decl":{"start":{"line":17,"column":27},"end":{"line":17,"column":28}},"loc":{"start":{"line":17,"column":34},"end":{"line":20,"column":1}},"line":17},"1":{"name":"App","decl":{"start":{"line":23,"column":9},"end":{"line":23,"column":12}},"loc":{"start":{"line":23,"column":19},"end":{"line":48,"column":1}},"line":23},"2":{"name":"(anonymous_2)","decl":{"start":{"line":26,"column":14},"end":{"line":26,"column":15}},"loc":{"start":{"line":26,"column":18},"end":{"line":28,"column":5}},"line":26},"3":{"name":"(anonymous_3)","decl":{"start":{"line":31,"column":14},"end":{"line":31,"column":15}},"loc":{"start":{"line":31,"column":18},"end":{"line":35,"column":5}},"line":31},"4":{"name":"(anonymous_4)","decl":{"start":{"line":49,"column":29},"end":{"line":49,"column":30}},"loc":{"start":{"line":49,"column":40},"end":{"line":49,"column":50}},"line":49}},"branchMap":{"0":{"loc":{"start":{"line":18,"column":2},"end":{"line":19,"column":60}},"type":"if","locations":[{"start":{"line":18,"column":2},"end":{"line":19,"column":60}},{"start":{"line":19,"column":7},"end":{"line":19,"column":60}}],"line":18},"1":{"loc":{"start":{"line":32,"column":8},"end":{"line":34,"column":9}},"type":"if","locations":[{"start":{"line":32,"column":8},"end":{"line":34,"column":9}},{"start":{},"end":{}}],"line":32},"2":{"loc":{"start":{"line":32,"column":11},"end":{"line":32,"column":31}},"type":"binary-expr","locations":[{"start":{"line":32,"column":11},"end":{"line":32,"column":22}},{"start":{"line":32,"column":26},"end":{"line":32,"column":31}}],"line":32}},"s":{"0":0,"1":0,"2":0,"3":0,"4":0,"5":0,"6":0,"7":0,"8":0,"9":0,"10":0,"11":0,"12":0,"13":0},"f":{"0":0,"1":0,"2":0,"3":0,"4":0},"b":{"0":[0,0],"1":[0,0],"2":[0,0]}}
,"/Users/tarak/Documents/projects/complex/client/src/index.js": {"path":"/Users/tarak/Documents/projects/complex/client/src/index.js","statementMap":{"0":{"start":{"line":10,"column":13},"end":{"line":10,"column":65}},"1":{"start":{"line":11,"column":0},"end":{"line":19,"column":2}},"2":{"start":{"line":20,"column":0},"end":{"line":20,"column":18}}},"fnMap":{},"branchMap":{},"s":{"0":0,"1":0,"2":0},"f":{},"b":{}}
,"/Users/tarak/Documents/projects/complex/client/src/reportWebVitals.js": {"path":"/Users/tarak/Documents/projects/complex/client/src/reportWebVitals.js","statementMap":{"0":{"start":{"line":1,"column":24},"end":{"line":11,"column":1}},"1":{"start":{"line":2,"column":2},"end":{"line":10,"column":3}},"2":{"start":{"line":3,"column":4},"end":{"line":9,"column":7}},"3":{"start":{"line":4,"column":6},"end":{"line":4,"column":26}},"4":{"start":{"line":5,"column":6},"end":{"line":5,"column":26}},"5":{"start":{"line":6,"column":6},"end":{"line":6,"column":26}},"6":{"start":{"line":7,"column":6},"end":{"line":7,"column":26}},"7":{"start":{"line":8,"column":6},"end":{"line":8,"column":27}}},"fnMap":{"0":{"name":"(anonymous_0)","decl":{"start":{"line":1,"column":24},"end":{"line":1,"column":25}},"loc":{"start":{"line":1,"column":39},"end":{"line":11,"column":1}},"line":1},"1":{"name":"(anonymous_1)","decl":{"start":{"line":3,"column":30},"end":{"line":3,"column":31}},"loc":{"start":{"line":3,"column":79},"end":{"line":9,"column":5}},"line":3}},"branchMap":{"0":{"loc":{"start":{"line":2,"column":2},"end":{"line":10,"column":3}},"type":"if","locations":[{"start":{"line":2,"column":2},"end":{"line":10,"column":3}},{"start":{},"end":{}}],"line":2},"1":{"loc":{"start":{"line":2,"column":6},"end":{"line":2,"column":52}},"type":"binary-expr","locations":[{"start":{"line":2,"column":6},"end":{"line":2,"column":17}},{"start":{"line":2,"column":21},"end":{"line":2,"column":52}}],"line":2}},"s":{"0":0,"1":0,"2":0,"3":0,"4":0,"5":0,"6":0,"7":0},"f":{"0":0,"1":0},"b":{"0":[0,0],"1":[0,0]}}
,"/Users/tarak/Documents/projects/complex/client/src/components/Home.js": {"path":"/Users/tarak/Documents/projects/complex/client/src/components/Home.js","statementMap":{"0":{"start":{"line":11,"column":3},"end":{"line":13,"column":23}},"1":{"start":{"line":12,"column":6},"end":{"line":12,"column":51}},"2":{"start":{"line":14,"column":4},"end":{"line":23,"column":6}},"3":{"start":{"line":17,"column":97},"end":{"line":19,"column":19}},"4":{"start":{"line":26,"column":17},"end":{"line":26,"column":33}},"5":{"start":{"line":27,"column":22},"end":{"line":27,"column":68}},"6":{"start":{"line":27,"column":41},"end":{"line":27,"column":46}}},"fnMap":{"0":{"name":"Home","decl":{"start":{"line":10,"column":9},"end":{"line":10,"column":13}},"loc":{"start":{"line":10,"column":20},"end":{"line":25,"column":1}},"line":10},"1":{"name":"(anonymous_1)","decl":{"start":{"line":11,"column":13},"end":{"line":11,"column":14}},"loc":{"start":{"line":11,"column":17},"end":{"line":13,"column":4}},"line":11},"2":{"name":"(anonymous_2)","decl":{"start":{"line":17,"column":89},"end":{"line":17,"column":90}},"loc":{"start":{"line":17,"column":97},"end":{"line":19,"column":19}},"line":17},"3":{"name":"(anonymous_3)","decl":{"start":{"line":27,"column":30},"end":{"line":27,"column":31}},"loc":{"start":{"line":27,"column":41},"end":{"line":27,"column":46}},"line":27}},"branchMap":{"0":{"loc":{"start":{"line":17,"column":11},"end":{"line":19,"column":20}},"type":"cond-expr","locations":[{"start":{"line":17,"column":30},"end":{"line":17,"column":45}},{"start":{"line":17,"column":48},"end":{"line":19,"column":20}}],"line":17},"1":{"loc":{"start":{"line":17,"column":48},"end":{"line":19,"column":20}},"type":"binary-expr","locations":[{"start":{"line":17,"column":48},"end":{"line":17,"column":64}},{"start":{"line":17,"column":68},"end":{"line":19,"column":20}}],"line":17}},"s":{"0":0,"1":0,"2":0,"3":0,"4":0,"5":0,"6":0},"f":{"0":0,"1":0,"2":0,"3":0},"b":{"0":[0,0],"1":[0,0]}}
,"/Users/tarak/Documents/projects/complex/client/src/components/Layout.js": {"path":"/Users/tarak/Documents/projects/complex/client/src/components/Layout.js","statementMap":{"0":{"start":{"line":4,"column":15},"end":{"line":7,"column":1}},"1":{"start":{"line":6,"column":2},"end":{"line":6,"column":20}}},"fnMap":{"0":{"name":"(anonymous_0)","decl":{"start":{"line":4,"column":15},"end":{"line":4,"column":16}},"loc":{"start":{"line":4,"column":21},"end":{"line":7,"column":1}},"line":4}},"branchMap":{},"s":{"0":0,"1":0},"f":{"0":0},"b":{}}
,"/Users/tarak/Documents/projects/complex/client/src/components/Navbar.js": {"path":"/Users/tarak/Documents/projects/complex/client/src/components/Navbar.js","statementMap":{"0":{"start":{"line":19,"column":40},"end":{"line":19,"column":61}},"1":{"start":{"line":21,"column":31},"end":{"line":23,"column":5}},"2":{"start":{"line":22,"column":6},"end":{"line":22,"column":33}},"3":{"start":{"line":25,"column":18},"end":{"line":28,"column":19}},"4":{"start":{"line":25,"column":37},"end":{"line":25,"column":53}},"5":{"start":{"line":27,"column":20},"end":{"line":27,"column":44}},"6":{"start":{"line":30,"column":19},"end":{"line":30,"column":53}},"7":{"start":{"line":32,"column":4},"end":{"line":53,"column":6}},"8":{"start":{"line":34,"column":179},"end":{"line":34,"column":202}}},"fnMap":{"0":{"name":"Navbar","decl":{"start":{"line":18,"column":24},"end":{"line":18,"column":30}},"loc":{"start":{"line":18,"column":32},"end":{"line":56,"column":1}},"line":18},"1":{"name":"(anonymous_1)","decl":{"start":{"line":21,"column":31},"end":{"line":21,"column":32}},"loc":{"start":{"line":21,"column":37},"end":{"line":23,"column":5}},"line":21},"2":{"name":"(anonymous_2)","decl":{"start":{"line":25,"column":30},"end":{"line":25,"column":31}},"loc":{"start":{"line":25,"column":37},"end":{"line":25,"column":53}},"line":25},"3":{"name":"(anonymous_3)","decl":{"start":{"line":27,"column":11},"end":{"line":27,"column":12}},"loc":{"start":{"line":27,"column":20},"end":{"line":27,"column":44}},"line":27},"4":{"name":"(anonymous_4)","decl":{"start":{"line":34,"column":168},"end":{"line":34,"column":169}},"loc":{"start":{"line":34,"column":179},"end":{"line":34,"column":202}},"line":34}},"branchMap":{"0":{"loc":{"start":{"line":25,"column":18},"end":{"line":28,"column":19}},"type":"binary-expr","locations":[{"start":{"line":25,"column":18},"end":{"line":25,"column":54}},{"start":{"line":25,"column":58},"end":{"line":28,"column":19}}],"line":25},"1":{"loc":{"start":{"line":48,"column":12},"end":{"line":48,"column":61}},"type":"binary-expr","locations":[{"start":{"line":48,"column":12},"end":{"line":48,"column":18}},{"start":{"line":48,"column":21},"end":{"line":48,"column":60}}],"line":48},"2":{"loc":{"start":{"line":48,"column":21},"end":{"line":48,"column":60}},"type":"cond-expr","locations":[{"start":{"line":48,"column":27},"end":{"line":48,"column":43}},{"start":{"line":48,"column":44},"end":{"line":48,"column":60}}],"line":48}},"s":{"0":0,"1":0,"2":0,"3":0,"4":0,"5":0,"6":0,"7":0,"8":0},"f":{"0":0,"1":0,"2":0,"3":0,"4":0},"b":{"0":[0,0],"1":[0,0],"2":[0,0]}}
,"/Users/tarak/Documents/projects/complex/client/src/components/NavbarButtons.js": {"path":"/Users/tarak/Documents/projects/complex/client/src/components/NavbarButtons.js","statementMap":{"0":{"start":{"line":8,"column":54},"end":{"line":8,"column":84}},"1":{"start":{"line":9,"column":23},"end":{"line":13,"column":7}},"2":{"start":{"line":10,"column":8},"end":{"line":10,"column":24}},"3":{"start":{"line":11,"column":8},"end":{"line":11,"column":22}},"4":{"start":{"line":12,"column":8},"end":{"line":12,"column":26}},"5":{"start":{"line":14,"column":28},"end":{"line":18,"column":7}},"6":{"start":{"line":15,"column":8},"end":{"line":15,"column":24}},"7":{"start":{"line":16,"column":8},"end":{"line":16,"column":25}},"8":{"start":{"line":17,"column":8},"end":{"line":17,"column":23}},"9":{"start":{"line":20,"column":4},"end":{"line":25,"column":5}}},"fnMap":{"0":{"name":"NavbarButtons","decl":{"start":{"line":7,"column":24},"end":{"line":7,"column":37}},"loc":{"start":{"line":7,"column":44},"end":{"line":26,"column":1}},"line":7},"1":{"name":"(anonymous_1)","decl":{"start":{"line":9,"column":23},"end":{"line":9,"column":24}},"loc":{"start":{"line":9,"column":27},"end":{"line":13,"column":7}},"line":9},"2":{"name":"(anonymous_2)","decl":{"start":{"line":14,"column":28},"end":{"line":14,"column":29}},"loc":{"start":{"line":14,"column":32},"end":{"line":18,"column":7}},"line":14}},"branchMap":{},"s":{"0":0,"1":0,"2":0,"3":0,"4":0,"5":0,"6":0,"7":0,"8":0,"9":0},"f":{"0":0,"1":0,"2":0},"b":{}}
,"/Users/tarak/Documents/projects/complex/client/src/components/NavbarProfile.js": {"path":"/Users/tarak/Documents/projects/complex/client/src/components/NavbarProfile.js","statementMap":{"0":{"start":{"line":15,"column":36},"end":{"line":15,"column":50}},"1":{"start":{"line":16,"column":17},"end":{"line":16,"column":35}},"2":{"start":{"line":17,"column":21},"end":{"line":17,"column":34}},"3":{"start":{"line":18,"column":24},"end":{"line":20,"column":7}},"4":{"start":{"line":19,"column":8},"end":{"line":19,"column":41}},"5":{"start":{"line":21,"column":26},"end":{"line":23,"column":7}},"6":{"start":{"line":22,"column":8},"end":{"line":22,"column":26}},"7":{"start":{"line":24,"column":30},"end":{"line":27,"column":7}},"8":{"start":{"line":25,"column":8},"end":{"line":25,"column":19}},"9":{"start":{"line":26,"column":8},"end":{"line":26,"column":21}},"10":{"start":{"line":28,"column":28},"end":{"line":30,"column":7}},"11":{"start":{"line":29,"column":8},"end":{"line":29,"column":39}},"12":{"start":{"line":31,"column":4},"end":{"line":61,"column":5}},"13":{"start":{"line":64,"column":15},"end":{"line":64,"column":29}},"14":{"start":{"line":65,"column":31},"end":{"line":65,"column":82}},"15":{"start":{"line":65,"column":50},"end":{"line":65,"column":55}}},"fnMap":{"0":{"name":"NavbarProfile","decl":{"start":{"line":14,"column":9},"end":{"line":14,"column":22}},"loc":{"start":{"line":14,"column":29},"end":{"line":62,"column":1}},"line":14},"1":{"name":"(anonymous_1)","decl":{"start":{"line":18,"column":24},"end":{"line":18,"column":25}},"loc":{"start":{"line":18,"column":35},"end":{"line":20,"column":7}},"line":18},"2":{"name":"(anonymous_2)","decl":{"start":{"line":21,"column":26},"end":{"line":21,"column":27}},"loc":{"start":{"line":21,"column":32},"end":{"line":23,"column":7}},"line":21},"3":{"name":"(anonymous_3)","decl":{"start":{"line":24,"column":30},"end":{"line":24,"column":31}},"loc":{"start":{"line":24,"column":35},"end":{"line":27,"column":7}},"line":24},"4":{"name":"(anonymous_4)","decl":{"start":{"line":28,"column":28},"end":{"line":28,"column":29}},"loc":{"start":{"line":28,"column":37},"end":{"line":30,"column":7}},"line":28},"5":{"name":"(anonymous_5)","decl":{"start":{"line":65,"column":39},"end":{"line":65,"column":40}},"loc":{"start":{"line":65,"column":50},"end":{"line":65,"column":55}},"line":65}},"branchMap":{"0":{"loc":{"start":{"line":35,"column":23},"end":{"line":35,"column":52}},"type":"cond-expr","locations":[{"start":{"line":35,"column":28},"end":{"line":35,"column":42}},{"start":{"line":35,"column":43},"end":{"line":35,"column":52}}],"line":35},"1":{"loc":{"start":{"line":37,"column":23},"end":{"line":37,"column":48}},"type":"cond-expr","locations":[{"start":{"line":37,"column":30},"end":{"line":37,"column":36}},{"start":{"line":37,"column":39},"end":{"line":37,"column":48}}],"line":37}},"s":{"0":0,"1":0,"2":0,"3":0,"4":0,"5":0,"6":0,"7":0,"8":0,"9":0,"10":0,"11":0,"12":0,"13":0,"14":0,"15":0},"f":{"0":0,"1":0,"2":0,"3":0,"4":0,"5":0},"b":{"0":[0,0],"1":[0,0]}}
,"/Users/tarak/Documents/projects/complex/client/src/components/RequireAuth.js": {"path":"/Users/tarak/Documents/projects/complex/client/src/components/RequireAuth.js","statementMap":{"0":{"start":{"line":9,"column":20},"end":{"line":15,"column":1}},"1":{"start":{"line":10,"column":14},"end":{"line":10,"column":16}},"2":{"start":{"line":12,"column":4},"end":{"line":12,"column":32}},"3":{"start":{"line":14,"column":2},"end":{"line":14,"column":62}}},"fnMap":{"0":{"name":"(anonymous_0)","decl":{"start":{"line":9,"column":20},"end":{"line":9,"column":21}},"loc":{"start":{"line":9,"column":26},"end":{"line":15,"column":1}},"line":9},"1":{"name":"hasJWT","decl":{"start":{"line":11,"column":11},"end":{"line":11,"column":17}},"loc":{"start":{"line":11,"column":19},"end":{"line":13,"column":3}},"line":11}},"branchMap":{"0":{"loc":{"start":{"line":14,"column":9},"end":{"line":14,"column":61}},"type":"cond-expr","locations":[{"start":{"line":14,"column":27},"end":{"line":14,"column":37}},{"start":{"line":14,"column":40},"end":{"line":14,"column":61}}],"line":14},"1":{"loc":{"start":{"line":14,"column":9},"end":{"line":14,"column":24}},"type":"binary-expr","locations":[{"start":{"line":14,"column":9},"end":{"line":14,"column":17}},{"start":{"line":14,"column":19},"end":{"line":14,"column":24}}],"line":14}},"s":{"0":0,"1":0,"2":0,"3":0},"f":{"0":0,"1":0},"b":{"0":[0,0],"1":[0,0]}}
,"/Users/tarak/Documents/projects/complex/client/src/components/SideBar.js": {"path":"/Users/tarak/Documents/projects/complex/client/src/components/SideBar.js","statementMap":{"0":{"start":{"line":16,"column":20},"end":{"line":16,"column":23}},"1":{"start":{"line":21,"column":58},"end":{"line":21,"column":63}},"2":{"start":{"line":23,"column":8},"end":{"line":45,"column":14}},"3":{"start":{"line":37,"column":14},"end":{"line":41,"column":25}},"4":{"start":{"line":48,"column":24},"end":{"line":48,"column":87}},"5":{"start":{"line":48,"column":53},"end":{"line":48,"column":75}},"6":{"start":{"line":50,"column":4},"end":{"line":83,"column":5}}},"fnMap":{"0":{"name":"SideBar","decl":{"start":{"line":19,"column":24},"end":{"line":19,"column":31}},"loc":{"start":{"line":19,"column":38},"end":{"line":84,"column":1}},"line":19},"1":{"name":"(anonymous_1)","decl":{"start":{"line":36,"column":65},"end":{"line":36,"column":66}},"loc":{"start":{"line":37,"column":14},"end":{"line":41,"column":25}},"line":37},"2":{"name":"(anonymous_2)","decl":{"start":{"line":48,"column":47},"end":{"line":48,"column":48}},"loc":{"start":{"line":48,"column":53},"end":{"line":48,"column":75}},"line":48}},"branchMap":{"0":{"loc":{"start":{"line":29,"column":21},"end":{"line":29,"column":60}},"type":"cond-expr","locations":[{"start":{"line":29,"column":27},"end":{"line":29,"column":43}},{"start":{"line":29,"column":44},"end":{"line":29,"column":60}}],"line":29},"1":{"loc":{"start":{"line":48,"column":24},"end":{"line":48,"column":87}},"type":"cond-expr","locations":[{"start":{"line":48,"column":47},"end":{"line":48,"column":75}},{"start":{"line":48,"column":78},"end":{"line":48,"column":87}}],"line":48}},"s":{"0":0,"1":0,"2":0,"3":0,"4":0,"5":0,"6":0},"f":{"0":0,"1":0,"2":0},"b":{"0":[0,0],"1":[0,0]}}
,"/Users/tarak/Documents/projects/complex/client/src/components/SideBarLink.js": {"path":"/Users/tarak/Documents/projects/complex/client/src/components/SideBarLink.js","statementMap":{"0":{"start":{"line":3,"column":4},"end":{"line":5,"column":5}}},"fnMap":{"0":{"name":"SideBarLink","decl":{"start":{"line":2,"column":16},"end":{"line":2,"column":27}},"loc":{"start":{"line":2,"column":35},"end":{"line":6,"column":1}},"line":2}},"branchMap":{},"s":{"0":0},"f":{"0":0},"b":{}}
,"/Users/tarak/Documents/projects/complex/client/src/components/Auth/FormModel.js": {"path":"/Users/tarak/Documents/projects/complex/client/src/components/Auth/FormModel.js","statementMap":{"0":{"start":{"line":12,"column":41},"end":{"line":12,"column":65}},"1":{"start":{"line":13,"column":14},"end":{"line":13,"column":32}},"2":{"start":{"line":14,"column":29},"end":{"line":18,"column":3}},"3":{"start":{"line":15,"column":4},"end":{"line":17,"column":5}},"4":{"start":{"line":16,"column":6},"end":{"line":16,"column":13}},"5":{"start":{"line":21,"column":2},"end":{"line":63,"column":4}}},"fnMap":{"0":{"name":"FromModal","decl":{"start":{"line":11,"column":24},"end":{"line":11,"column":33}},"loc":{"start":{"line":11,"column":41},"end":{"line":64,"column":1}},"line":11},"1":{"name":"(anonymous_1)","decl":{"start":{"line":14,"column":29},"end":{"line":14,"column":30}},"loc":{"start":{"line":14,"column":36},"end":{"line":18,"column":3}},"line":14}},"branchMap":{"0":{"loc":{"start":{"line":15,"column":4},"end":{"line":17,"column":5}},"type":"if","locations":[{"start":{"line":15,"column":4},"end":{"line":17,"column":5}},{"start":{},"end":{}}],"line":15},"1":{"loc":{"start":{"line":15,"column":8},"end":{"line":15,"column":54}},"type":"binary-expr","locations":[{"start":{"line":15,"column":8},"end":{"line":15,"column":19}},{"start":{"line":15,"column":23},"end":{"line":15,"column":54}}],"line":15},"2":{"loc":{"start":{"line":52,"column":15},"end":{"line":54,"column":15}},"type":"binary-expr","locations":[{"start":{"line":52,"column":15},"end":{"line":52,"column":23}},{"start":{"line":53,"column":16},"end":{"line":53,"column":36}}],"line":52},"3":{"loc":{"start":{"line":55,"column":15},"end":{"line":57,"column":15}},"type":"binary-expr","locations":[{"start":{"line":55,"column":15},"end":{"line":55,"column":20}},{"start":{"line":56,"column":16},"end":{"line":56,"column":33}}],"line":55}},"s":{"0":0,"1":0,"2":0,"3":0,"4":0,"5":0},"f":{"0":0,"1":0},"b":{"0":[0,0],"1":[0,0],"2":[0,0],"3":[0,0]}}
,"/Users/tarak/Documents/projects/complex/client/src/components/Auth/Login.js": {"path":"/Users/tarak/Documents/projects/complex/client/src/components/Auth/Login.js","statementMap":{"0":{"start":{"line":13,"column":21},"end":{"line":16,"column":1}},"1":{"start":{"line":18,"column":25},"end":{"line":24,"column":2}},"2":{"start":{"line":26,"column":14},"end":{"line":130,"column":1}},"3":{"start":{"line":27,"column":25},"end":{"line":27,"column":47}},"4":{"start":{"line":28,"column":31},"end":{"line":28,"column":61}},"5":{"start":{"line":29,"column":19},"end":{"line":29,"column":32}},"6":{"start":{"line":31,"column":24},"end":{"line":35,"column":3}},"7":{"start":{"line":32,"column":4},"end":{"line":32,"column":11}},"8":{"start":{"line":33,"column":4},"end":{"line":33,"column":27}},"9":{"start":{"line":34,"column":4},"end":{"line":34,"column":17}},"10":{"start":{"line":36,"column":19},"end":{"line":38,"column":3}},"11":{"start":{"line":37,"column":4},"end":{"line":37,"column":46}},"12":{"start":{"line":39,"column":17},"end":{"line":44,"column":4}},"13":{"start":{"line":43,"column":26},"end":{"line":43,"column":42}},"14":{"start":{"line":47,"column":2},"end":{"line":47,"column":8}},"15":{"start":{"line":50,"column":2},"end":{"line":129,"column":4}},"16":{"start":{"line":131,"column":14},"end":{"line":131,"column":27}},"17":{"start":{"line":132,"column":19},"end":{"line":132,"column":37}},"18":{"start":{"line":133,"column":23},"end":{"line":133,"column":78}},"19":{"start":{"line":133,"column":42},"end":{"line":133,"column":47}}},"fnMap":{"0":{"name":"(anonymous_0)","decl":{"start":{"line":26,"column":14},"end":{"line":26,"column":15}},"loc":{"start":{"line":26,"column":25},"end":{"line":130,"column":1}},"line":26},"1":{"name":"(anonymous_1)","decl":{"start":{"line":31,"column":24},"end":{"line":31,"column":25}},"loc":{"start":{"line":31,"column":28},"end":{"line":35,"column":3}},"line":31},"2":{"name":"(anonymous_2)","decl":{"start":{"line":36,"column":19},"end":{"line":36,"column":20}},"loc":{"start":{"line":36,"column":39},"end":{"line":38,"column":3}},"line":36},"3":{"name":"(anonymous_3)","decl":{"start":{"line":43,"column":14},"end":{"line":43,"column":15}},"loc":{"start":{"line":43,"column":26},"end":{"line":43,"column":42}},"line":43},"4":{"name":"(anonymous_4)","decl":{"start":{"line":133,"column":31},"end":{"line":133,"column":32}},"loc":{"start":{"line":133,"column":42},"end":{"line":133,"column":47}},"line":133}},"branchMap":{"0":{"loc":{"start":{"line":50,"column":9},"end":{"line":129,"column":3}},"type":"cond-expr","locations":[{"start":{"line":51,"column":4},"end":{"line":51,"column":15}},{"start":{"line":53,"column":4},"end":{"line":128,"column":10}}],"line":50},"1":{"loc":{"start":{"line":74,"column":23},"end":{"line":74,"column":52}},"type":"binary-expr","locations":[{"start":{"line":74,"column":23},"end":{"line":74,"column":35}},{"start":{"line":74,"column":39},"end":{"line":74,"column":52}}],"line":74},"2":{"loc":{"start":{"line":75,"column":28},"end":{"line":75,"column":79}},"type":"cond-expr","locations":[{"start":{"line":75,"column":60},"end":{"line":75,"column":72}},{"start":{"line":75,"column":75},"end":{"line":75,"column":79}}],"line":75},"3":{"loc":{"start":{"line":75,"column":28},"end":{"line":75,"column":57}},"type":"binary-expr","locations":[{"start":{"line":75,"column":28},"end":{"line":75,"column":40}},{"start":{"line":75,"column":44},"end":{"line":75,"column":57}}],"line":75},"4":{"loc":{"start":{"line":88,"column":23},"end":{"line":88,"column":58}},"type":"binary-expr","locations":[{"start":{"line":88,"column":23},"end":{"line":88,"column":38}},{"start":{"line":88,"column":42},"end":{"line":88,"column":58}}],"line":88},"5":{"loc":{"start":{"line":90,"column":18},"end":{"line":90,"column":78}},"type":"cond-expr","locations":[{"start":{"line":90,"column":56},"end":{"line":90,"column":71}},{"start":{"line":90,"column":74},"end":{"line":90,"column":78}}],"line":90},"6":{"loc":{"start":{"line":90,"column":18},"end":{"line":90,"column":53}},"type":"binary-expr","locations":[{"start":{"line":90,"column":18},"end":{"line":90,"column":33}},{"start":{"line":90,"column":37},"end":{"line":90,"column":53}}],"line":90},"7":{"loc":{"start":{"line":110,"column":15},"end":{"line":112,"column":16}},"type":"cond-expr","locations":[{"start":{"line":111,"column":17},"end":{"line":111,"column":79}},{"start":{"line":112,"column":12},"end":{"line":112,"column":16}}],"line":110}},"s":{"0":0,"1":0,"2":0,"3":0,"4":0,"5":0,"6":0,"7":0,"8":0,"9":0,"10":0,"11":0,"12":0,"13":0,"14":0,"15":0,"16":0,"17":0,"18":0,"19":0},"f":{"0":0,"1":0,"2":0,"3":0,"4":0},"b":{"0":[0,0],"1":[0,0],"2":[0,0],"3":[0,0],"4":[0,0],"5":[0,0],"6":[0,0],"7":[0,0]}}
,"/Users/tarak/Documents/projects/complex/client/src/components/Auth/Register.js": {"path":"/Users/tarak/Documents/projects/complex/client/src/components/Auth/Register.js","statementMap":{"0":{"start":{"line":12,"column":21},"end":{"line":16,"column":1}},"1":{"start":{"line":18,"column":25},"end":{"line":32,"column":2}},"2":{"start":{"line":34,"column":17},"end":{"line":170,"column":1}},"3":{"start":{"line":35,"column":25},"end":{"line":35,"column":47}},"4":{"start":{"line":36,"column":22},"end":{"line":36,"column":46}},"5":{"start":{"line":37,"column":19},"end":{"line":37,"column":32}},"6":{"start":{"line":39,"column":27},"end":{"line":42,"column":3}},"7":{"start":{"line":40,"column":4},"end":{"line":40,"column":15}},"8":{"start":{"line":41,"column":4},"end":{"line":41,"column":17}},"9":{"start":{"line":44,"column":19},"end":{"line":47,"column":3}},"10":{"start":{"line":45,"column":4},"end":{"line":45,"column":41}},"11":{"start":{"line":46,"column":4},"end":{"line":46,"column":52}},"12":{"start":{"line":48,"column":17},"end":{"line":53,"column":4}},"13":{"start":{"line":52,"column":26},"end":{"line":52,"column":42}},"14":{"start":{"line":56,"column":4},"end":{"line":56,"column":10}},"15":{"start":{"line":58,"column":2},"end":{"line":169,"column":4}},"16":{"start":{"line":171,"column":17},"end":{"line":171,"column":33}},"17":{"start":{"line":172,"column":19},"end":{"line":172,"column":37}},"18":{"start":{"line":173,"column":26},"end":{"line":175,"column":1}},"19":{"start":{"line":173,"column":45},"end":{"line":173,"column":50}}},"fnMap":{"0":{"name":"(anonymous_0)","decl":{"start":{"line":34,"column":17},"end":{"line":34,"column":18}},"loc":{"start":{"line":34,"column":28},"end":{"line":170,"column":1}},"line":34},"1":{"name":"(anonymous_1)","decl":{"start":{"line":39,"column":27},"end":{"line":39,"column":28}},"loc":{"start":{"line":39,"column":31},"end":{"line":42,"column":3}},"line":39},"2":{"name":"(anonymous_2)","decl":{"start":{"line":44,"column":19},"end":{"line":44,"column":20}},"loc":{"start":{"line":44,"column":33},"end":{"line":47,"column":3}},"line":44},"3":{"name":"(anonymous_3)","decl":{"start":{"line":52,"column":14},"end":{"line":52,"column":15}},"loc":{"start":{"line":52,"column":26},"end":{"line":52,"column":42}},"line":52},"4":{"name":"(anonymous_4)","decl":{"start":{"line":173,"column":34},"end":{"line":173,"column":35}},"loc":{"start":{"line":173,"column":45},"end":{"line":173,"column":50}},"line":173}},"branchMap":{"0":{"loc":{"start":{"line":80,"column":23},"end":{"line":80,"column":58}},"type":"binary-expr","locations":[{"start":{"line":80,"column":23},"end":{"line":80,"column":38}},{"start":{"line":80,"column":42},"end":{"line":80,"column":58}}],"line":80},"1":{"loc":{"start":{"line":82,"column":18},"end":{"line":82,"column":78}},"type":"cond-expr","locations":[{"start":{"line":82,"column":56},"end":{"line":82,"column":71}},{"start":{"line":82,"column":74},"end":{"line":82,"column":78}}],"line":82},"2":{"loc":{"start":{"line":82,"column":18},"end":{"line":82,"column":53}},"type":"binary-expr","locations":[{"start":{"line":82,"column":18},"end":{"line":82,"column":33}},{"start":{"line":82,"column":37},"end":{"line":82,"column":53}}],"line":82},"3":{"loc":{"start":{"line":95,"column":23},"end":{"line":95,"column":52}},"type":"binary-expr","locations":[{"start":{"line":95,"column":23},"end":{"line":95,"column":35}},{"start":{"line":95,"column":39},"end":{"line":95,"column":52}}],"line":95},"4":{"loc":{"start":{"line":96,"column":28},"end":{"line":96,"column":79}},"type":"cond-expr","locations":[{"start":{"line":96,"column":60},"end":{"line":96,"column":72}},{"start":{"line":96,"column":75},"end":{"line":96,"column":79}}],"line":96},"5":{"loc":{"start":{"line":96,"column":28},"end":{"line":96,"column":57}},"type":"binary-expr","locations":[{"start":{"line":96,"column":28},"end":{"line":96,"column":40}},{"start":{"line":96,"column":44},"end":{"line":96,"column":57}}],"line":96},"6":{"loc":{"start":{"line":109,"column":23},"end":{"line":109,"column":58}},"type":"binary-expr","locations":[{"start":{"line":109,"column":23},"end":{"line":109,"column":38}},{"start":{"line":109,"column":42},"end":{"line":109,"column":58}}],"line":109},"7":{"loc":{"start":{"line":111,"column":18},"end":{"line":111,"column":78}},"type":"cond-expr","locations":[{"start":{"line":111,"column":56},"end":{"line":111,"column":71}},{"start":{"line":111,"column":74},"end":{"line":111,"column":78}}],"line":111},"8":{"loc":{"start":{"line":111,"column":18},"end":{"line":111,"column":53}},"type":"binary-expr","locations":[{"start":{"line":111,"column":18},"end":{"line":111,"column":33}},{"start":{"line":111,"column":37},"end":{"line":111,"column":53}}],"line":111},"9":{"loc":{"start":{"line":124,"column":23},"end":{"line":124,"column":56}},"type":"binary-expr","locations":[{"start":{"line":124,"column":23},"end":{"line":124,"column":50}},{"start":{"line":124,"column":54},"end":{"line":124,"column":56}}],"line":124},"10":{"loc":{"start":{"line":126,"column":18},"end":{"line":126,"column":77}},"type":"binary-expr","locations":[{"start":{"line":126,"column":18},"end":{"line":126,"column":45}},{"start":{"line":126,"column":49},"end":{"line":126,"column":77}}],"line":126},"11":{"loc":{"start":{"line":129,"column":18},"end":{"line":131,"column":26}},"type":"cond-expr","locations":[{"start":{"line":130,"column":22},"end":{"line":130,"column":49}},{"start":{"line":131,"column":22},"end":{"line":131,"column":26}}],"line":129},"12":{"loc":{"start":{"line":129,"column":18},"end":{"line":129,"column":77}},"type":"binary-expr","locations":[{"start":{"line":129,"column":18},"end":{"line":129,"column":45}},{"start":{"line":129,"column":49},"end":{"line":129,"column":77}}],"line":129},"13":{"loc":{"start":{"line":151,"column":15},"end":{"line":153,"column":16}},"type":"cond-expr","locations":[{"start":{"line":152,"column":17},"end":{"line":152,"column":79}},{"start":{"line":153,"column":12},"end":{"line":153,"column":16}}],"line":151}},"s":{"0":0,"1":0,"2":0,"3":0,"4":0,"5":0,"6":0,"7":0,"8":0,"9":0,"10":0,"11":0,"12":0,"13":0,"14":0,"15":0,"16":0,"17":0,"18":0,"19":0},"f":{"0":0,"1":0,"2":0,"3":0,"4":0},"b":{"0":[0,0],"1":[0,0],"2":[0,0],"3":[0,0],"4":[0,0],"5":[0,0],"6":[0,0],"7":[0,0],"8":[0,0],"9":[0,0],"10":[0,0],"11":[0,0],"12":[0,0],"13":[0,0]}}
,"/Users/tarak/Documents/projects/complex/client/src/components/Comment/Comment.js": {"path":"/Users/tarak/Documents/projects/complex/client/src/components/Comment/Comment.js","statementMap":{"0":{"start":{"line":14,"column":22},"end":{"line":17,"column":2}},"1":{"start":{"line":20,"column":58},"end":{"line":20,"column":89}},"2":{"start":{"line":21,"column":24},"end":{"line":21,"column":54}},"3":{"start":{"line":22,"column":17},"end":{"line":22,"column":60}},"4":{"start":{"line":22,"column":36},"end":{"line":22,"column":51}},"5":{"start":{"line":23,"column":29},"end":{"line":23,"column":40}},"6":{"start":{"line":24,"column":29},"end":{"line":24,"column":44}},"7":{"start":{"line":26,"column":24},"end":{"line":30,"column":5}},"8":{"start":{"line":27,"column":8},"end":{"line":29,"column":10}},"9":{"start":{"line":28,"column":10},"end":{"line":28,"column":25}},"10":{"start":{"line":32,"column":4},"end":{"line":39,"column":13}},"11":{"start":{"line":33,"column":8},"end":{"line":35,"column":11}},"12":{"start":{"line":34,"column":12},"end":{"line":34,"column":27}},"13":{"start":{"line":36,"column":8},"end":{"line":38,"column":10}},"14":{"start":{"line":36,"column":17},"end":{"line":38,"column":10}},"15":{"start":{"line":37,"column":12},"end":{"line":37,"column":27}},"16":{"start":{"line":41,"column":4},"end":{"line":45,"column":14}},"17":{"start":{"line":42,"column":8},"end":{"line":44,"column":10}},"18":{"start":{"line":43,"column":10},"end":{"line":43,"column":25}},"19":{"start":{"line":47,"column":4},"end":{"line":79,"column":5}},"20":{"start":{"line":61,"column":67},"end":{"line":61,"column":86}},"21":{"start":{"line":65,"column":67},"end":{"line":65,"column":84}},"22":{"start":{"line":69,"column":67},"end":{"line":69,"column":78}}},"fnMap":{"0":{"name":"Comment","decl":{"start":{"line":19,"column":24},"end":{"line":19,"column":31}},"loc":{"start":{"line":19,"column":39},"end":{"line":80,"column":1}},"line":19},"1":{"name":"(anonymous_1)","decl":{"start":{"line":22,"column":29},"end":{"line":22,"column":30}},"loc":{"start":{"line":22,"column":36},"end":{"line":22,"column":51}},"line":22},"2":{"name":"(anonymous_2)","decl":{"start":{"line":26,"column":24},"end":{"line":26,"column":25}},"loc":{"start":{"line":26,"column":41},"end":{"line":30,"column":5}},"line":26},"3":{"name":"(anonymous_3)","decl":{"start":{"line":27,"column":36},"end":{"line":27,"column":37}},"loc":{"start":{"line":27,"column":45},"end":{"line":29,"column":9}},"line":27},"4":{"name":"(anonymous_4)","decl":{"start":{"line":32,"column":14},"end":{"line":32,"column":15}},"loc":{"start":{"line":32,"column":18},"end":{"line":39,"column":5}},"line":32},"5":{"name":"(anonymous_5)","decl":{"start":{"line":33,"column":31},"end":{"line":33,"column":32}},"loc":{"start":{"line":33,"column":40},"end":{"line":35,"column":10}},"line":33},"6":{"name":"(anonymous_6)","decl":{"start":{"line":36,"column":43},"end":{"line":36,"column":44}},"loc":{"start":{"line":36,"column":52},"end":{"line":38,"column":9}},"line":36},"7":{"name":"(anonymous_7)","decl":{"start":{"line":41,"column":14},"end":{"line":41,"column":15}},"loc":{"start":{"line":41,"column":18},"end":{"line":45,"column":5}},"line":41},"8":{"name":"(anonymous_8)","decl":{"start":{"line":42,"column":27},"end":{"line":42,"column":28}},"loc":{"start":{"line":42,"column":36},"end":{"line":44,"column":9}},"line":42},"9":{"name":"(anonymous_9)","decl":{"start":{"line":61,"column":63},"end":{"line":61,"column":64}},"loc":{"start":{"line":61,"column":67},"end":{"line":61,"column":86}},"line":61},"10":{"name":"(anonymous_10)","decl":{"start":{"line":65,"column":63},"end":{"line":65,"column":64}},"loc":{"start":{"line":65,"column":67},"end":{"line":65,"column":84}},"line":65},"11":{"name":"(anonymous_11)","decl":{"start":{"line":69,"column":63},"end":{"line":69,"column":64}},"loc":{"start":{"line":69,"column":67},"end":{"line":69,"column":78}},"line":69}},"branchMap":{"0":{"loc":{"start":{"line":22,"column":17},"end":{"line":22,"column":60}},"type":"binary-expr","locations":[{"start":{"line":22,"column":17},"end":{"line":22,"column":52}},{"start":{"line":22,"column":56},"end":{"line":22,"column":60}}],"line":22},"1":{"loc":{"start":{"line":36,"column":8},"end":{"line":38,"column":10}},"type":"if","locations":[{"start":{"line":36,"column":8},"end":{"line":38,"column":10}},{"start":{},"end":{}}],"line":36},"2":{"loc":{"start":{"line":60,"column":21},"end":{"line":72,"column":21}},"type":"cond-expr","locations":[{"start":{"line":60,"column":27},"end":{"line":68,"column":21}},{"start":{"line":69,"column":24},"end":{"line":71,"column":37}}],"line":60},"3":{"loc":{"start":{"line":60,"column":27},"end":{"line":68,"column":21}},"type":"cond-expr","locations":[{"start":{"line":61,"column":24},"end":{"line":63,"column":37}},{"start":{"line":65,"column":24},"end":{"line":67,"column":37}}],"line":60}},"s":{"0":0,"1":0,"2":0,"3":0,"4":0,"5":0,"6":0,"7":0,"8":0,"9":0,"10":0,"11":0,"12":0,"13":0,"14":0,"15":0,"16":0,"17":0,"18":0,"19":0,"20":0,"21":0,"22":0},"f":{"0":0,"1":0,"2":0,"3":0,"4":0,"5":0,"6":0,"7":0,"8":0,"9":0,"10":0,"11":0},"b":{"0":[0,0],"1":[0,0],"2":[0,0],"3":[0,0]}}
,"/Users/tarak/Documents/projects/complex/client/src/components/Comment/CommentForm.js": {"path":"/Users/tarak/Documents/projects/complex/client/src/components/Comment/CommentForm.js","statementMap":{"0":{"start":{"line":6,"column":4},"end":{"line":11,"column":5}}},"fnMap":{"0":{"name":"CommentForm","decl":{"start":{"line":5,"column":24},"end":{"line":5,"column":35}},"loc":{"start":{"line":5,"column":37},"end":{"line":12,"column":1}},"line":5}},"branchMap":{},"s":{"0":0},"f":{"0":0},"b":{}}
,"/Users/tarak/Documents/projects/complex/client/src/components/Comment/CommentList.js": {"path":"/Users/tarak/Documents/projects/complex/client/src/components/Comment/CommentList.js","statementMap":{"0":{"start":{"line":8,"column":39},"end":{"line":8,"column":57}},"1":{"start":{"line":9,"column":2},"end":{"line":17,"column":3}},"2":{"start":{"line":12,"column":12},"end":{"line":14,"column":20}}},"fnMap":{"0":{"name":"CommentList","decl":{"start":{"line":7,"column":24},"end":{"line":7,"column":35}},"loc":{"start":{"line":7,"column":47},"end":{"line":18,"column":1}},"line":7},"1":{"name":"(anonymous_1)","decl":{"start":{"line":11,"column":27},"end":{"line":11,"column":28}},"loc":{"start":{"line":11,"column":36},"end":{"line":15,"column":9}},"line":11}},"branchMap":{},"s":{"0":0,"1":0,"2":0},"f":{"0":0,"1":0},"b":{}}
,"/Users/tarak/Documents/projects/complex/client/src/components/Post/Post.js": {"path":"/Users/tarak/Documents/projects/complex/client/src/components/Post/Post.js","statementMap":{"0":{"start":{"line":18,"column":22},"end":{"line":21,"column":2}},"1":{"start":{"line":24,"column":102},"end":{"line":24,"column":133}},"2":{"start":{"line":25,"column":22},"end":{"line":25,"column":52}},"3":{"start":{"line":26,"column":15},"end":{"line":26,"column":58}},"4":{"start":{"line":26,"column":34},"end":{"line":26,"column":49}},"5":{"start":{"line":27,"column":27},"end":{"line":27,"column":49}},"6":{"start":{"line":28,"column":27},"end":{"line":28,"column":47}},"7":{"start":{"line":29,"column":27},"end":{"line":29,"column":47}},"8":{"start":{"line":30,"column":33},"end":{"line":30,"column":56}},"9":{"start":{"line":31,"column":20},"end":{"line":31,"column":33}},"10":{"start":{"line":33,"column":22},"end":{"line":37,"column":3}},"11":{"start":{"line":34,"column":4},"end":{"line":36,"column":6}},"12":{"start":{"line":35,"column":6},"end":{"line":35,"column":21}},"13":{"start":{"line":39,"column":15},"end":{"line":42,"column":3}},"14":{"start":{"line":40,"column":4},"end":{"line":40,"column":18}},"15":{"start":{"line":41,"column":4},"end":{"line":41,"column":33}},"16":{"start":{"line":44,"column":2},"end":{"line":48,"column":12}},"17":{"start":{"line":45,"column":4},"end":{"line":47,"column":6}},"18":{"start":{"line":46,"column":6},"end":{"line":46,"column":21}},"19":{"start":{"line":50,"column":2},"end":{"line":63,"column":11}},"20":{"start":{"line":51,"column":6},"end":{"line":53,"column":8}},"21":{"start":{"line":52,"column":8},"end":{"line":52,"column":23}},"22":{"start":{"line":54,"column":6},"end":{"line":56,"column":8}},"23":{"start":{"line":55,"column":8},"end":{"line":55,"column":23}},"24":{"start":{"line":57,"column":6},"end":{"line":59,"column":8}},"25":{"start":{"line":58,"column":8},"end":{"line":58,"column":26}},"26":{"start":{"line":60,"column":6},"end":{"line":62,"column":8}},"27":{"start":{"line":61,"column":8},"end":{"line":61,"column":23}},"28":{"start":{"line":65,"column":2},"end":{"line":69,"column":12}},"29":{"start":{"line":66,"column":4},"end":{"line":68,"column":6}},"30":{"start":{"line":67,"column":6},"end":{"line":67,"column":21}},"31":{"start":{"line":71,"column":2},"end":{"line":119,"column":4}},"32":{"start":{"line":75,"column":55},"end":{"line":75,"column":140}},"33":{"start":{"line":79,"column":43},"end":{"line":79,"column":49}},"34":{"start":{"line":82,"column":52},"end":{"line":82,"column":58}},"35":{"start":{"line":94,"column":53},"end":{"line":94,"column":59}},"36":{"start":{"line":98,"column":55},"end":{"line":98,"column":74}},"37":{"start":{"line":102,"column":55},"end":{"line":102,"column":72}},"38":{"start":{"line":106,"column":55},"end":{"line":106,"column":66}}},"fnMap":{"0":{"name":"Post","decl":{"start":{"line":23,"column":24},"end":{"line":23,"column":28}},"loc":{"start":{"line":23,"column":37},"end":{"line":120,"column":1}},"line":23},"1":{"name":"(anonymous_1)","decl":{"start":{"line":26,"column":27},"end":{"line":26,"column":28}},"loc":{"start":{"line":26,"column":34},"end":{"line":26,"column":49}},"line":26},"2":{"name":"(anonymous_2)","decl":{"start":{"line":33,"column":22},"end":{"line":33,"column":23}},"loc":{"start":{"line":33,"column":39},"end":{"line":37,"column":3}},"line":33},"3":{"name":"(anonymous_3)","decl":{"start":{"line":34,"column":32},"end":{"line":34,"column":33}},"loc":{"start":{"line":34,"column":41},"end":{"line":36,"column":5}},"line":34},"4":{"name":"(anonymous_4)","decl":{"start":{"line":39,"column":15},"end":{"line":39,"column":16}},"loc":{"start":{"line":39,"column":19},"end":{"line":42,"column":3}},"line":39},"5":{"name":"(anonymous_5)","decl":{"start":{"line":44,"column":12},"end":{"line":44,"column":13}},"loc":{"start":{"line":44,"column":16},"end":{"line":48,"column":3}},"line":44},"6":{"name":"(anonymous_6)","decl":{"start":{"line":45,"column":23},"end":{"line":45,"column":24}},"loc":{"start":{"line":45,"column":32},"end":{"line":47,"column":5}},"line":45},"7":{"name":"(anonymous_7)","decl":{"start":{"line":50,"column":12},"end":{"line":50,"column":13}},"loc":{"start":{"line":50,"column":16},"end":{"line":63,"column":3}},"line":50},"8":{"name":"(anonymous_8)","decl":{"start":{"line":51,"column":29},"end":{"line":51,"column":30}},"loc":{"start":{"line":51,"column":38},"end":{"line":53,"column":7}},"line":51},"9":{"name":"(anonymous_9)","decl":{"start":{"line":54,"column":29},"end":{"line":54,"column":30}},"loc":{"start":{"line":54,"column":38},"end":{"line":56,"column":7}},"line":54},"10":{"name":"(anonymous_10)","decl":{"start":{"line":57,"column":32},"end":{"line":57,"column":33}},"loc":{"start":{"line":57,"column":41},"end":{"line":59,"column":7}},"line":57},"11":{"name":"(anonymous_11)","decl":{"start":{"line":60,"column":33},"end":{"line":60,"column":34}},"loc":{"start":{"line":60,"column":42},"end":{"line":62,"column":7}},"line":60},"12":{"name":"(anonymous_12)","decl":{"start":{"line":65,"column":12},"end":{"line":65,"column":13}},"loc":{"start":{"line":65,"column":16},"end":{"line":69,"column":3}},"line":65},"13":{"name":"(anonymous_13)","decl":{"start":{"line":66,"column":23},"end":{"line":66,"column":24}},"loc":{"start":{"line":66,"column":32},"end":{"line":68,"column":5}},"line":66},"14":{"name":"(anonymous_14)","decl":{"start":{"line":75,"column":47},"end":{"line":75,"column":48}},"loc":{"start":{"line":75,"column":55},"end":{"line":75,"column":140}},"line":75},"15":{"name":"(anonymous_15)","decl":{"start":{"line":79,"column":39},"end":{"line":79,"column":40}},"loc":{"start":{"line":79,"column":43},"end":{"line":79,"column":49}},"line":79},"16":{"name":"(anonymous_16)","decl":{"start":{"line":82,"column":48},"end":{"line":82,"column":49}},"loc":{"start":{"line":82,"column":52},"end":{"line":82,"column":58}},"line":82},"17":{"name":"(anonymous_17)","decl":{"start":{"line":94,"column":49},"end":{"line":94,"column":50}},"loc":{"start":{"line":94,"column":53},"end":{"line":94,"column":59}},"line":94},"18":{"name":"(anonymous_18)","decl":{"start":{"line":98,"column":51},"end":{"line":98,"column":52}},"loc":{"start":{"line":98,"column":55},"end":{"line":98,"column":74}},"line":98},"19":{"name":"(anonymous_19)","decl":{"start":{"line":102,"column":51},"end":{"line":102,"column":52}},"loc":{"start":{"line":102,"column":55},"end":{"line":102,"column":72}},"line":102},"20":{"name":"(anonymous_20)","decl":{"start":{"line":106,"column":51},"end":{"line":106,"column":52}},"loc":{"start":{"line":106,"column":55},"end":{"line":106,"column":66}},"line":106}},"branchMap":{"0":{"loc":{"start":{"line":26,"column":15},"end":{"line":26,"column":58}},"type":"binary-expr","locations":[{"start":{"line":26,"column":15},"end":{"line":26,"column":50}},{"start":{"line":26,"column":54},"end":{"line":26,"column":58}}],"line":26},"1":{"loc":{"start":{"line":75,"column":15},"end":{"line":75,"column":141}},"type":"binary-expr","locations":[{"start":{"line":75,"column":15},"end":{"line":75,"column":30}},{"start":{"line":75,"column":34},"end":{"line":75,"column":141}}],"line":75},"2":{"loc":{"start":{"line":79,"column":124},"end":{"line":79,"column":185}},"type":"cond-expr","locations":[{"start":{"line":79,"column":145},"end":{"line":79,"column":174}},{"start":{"line":79,"column":175},"end":{"line":79,"column":185}}],"line":79},"3":{"loc":{"start":{"line":97,"column":11},"end":{"line":109,"column":11}},"type":"cond-expr","locations":[{"start":{"line":97,"column":17},"end":{"line":105,"column":11}},{"start":{"line":106,"column":12},"end":{"line":108,"column":25}}],"line":97},"4":{"loc":{"start":{"line":97,"column":17},"end":{"line":105,"column":11}},"type":"cond-expr","locations":[{"start":{"line":98,"column":12},"end":{"line":100,"column":25}},{"start":{"line":102,"column":12},"end":{"line":104,"column":25}}],"line":97}},"s":{"0":0,"1":0,"2":0,"3":0,"4":0,"5":0,"6":0,"7":0,"8":0,"9":0,"10":0,"11":0,"12":0,"13":0,"14":0,"15":0,"16":0,"17":0,"18":0,"19":0,"20":0,"21":0,"22":0,"23":0,"24":0,"25":0,"26":0,"27":0,"28":0,"29":0,"30":0,"31":0,"32":0,"33":0,"34":0,"35":0,"36":0,"37":0,"38":0},"f":{"0":0,"1":0,"2":0,"3":0,"4":0,"5":0,"6":0,"7":0,"8":0,"9":0,"10":0,"11":0,"12":0,"13":0,"14":0,"15":0,"16":0,"17":0,"18":0,"19":0,"20":0},"b":{"0":[0,0],"1":[0,0],"2":[0,0],"3":[0,0],"4":[0,0]}}
,"/Users/tarak/Documents/projects/complex/client/src/components/Post/PostList.js": {"path":"/Users/tarak/Documents/projects/complex/client/src/components/Post/PostList.js","statementMap":{"0":{"start":{"line":6,"column":29},"end":{"line":6,"column":41}},"1":{"start":{"line":8,"column":4},"end":{"line":11,"column":14}},"2":{"start":{"line":9,"column":19},"end":{"line":9,"column":34}},"3":{"start":{"line":10,"column":8},"end":{"line":10,"column":27}},"4":{"start":{"line":13,"column":4},"end":{"line":23,"column":5}},"5":{"start":{"line":16,"column":12},"end":{"line":18,"column":13}}},"fnMap":{"0":{"name":"PostList","decl":{"start":{"line":4,"column":16},"end":{"line":4,"column":24}},"loc":{"start":{"line":4,"column":32},"end":{"line":24,"column":1}},"line":4},"1":{"name":"(anonymous_1)","decl":{"start":{"line":8,"column":13},"end":{"line":8,"column":14}},"loc":{"start":{"line":8,"column":22},"end":{"line":11,"column":5}},"line":8},"2":{"name":"(anonymous_2)","decl":{"start":{"line":15,"column":18},"end":{"line":15,"column":19}},"loc":{"start":{"line":15,"column":26},"end":{"line":19,"column":9}},"line":15}},"branchMap":{"0":{"loc":{"start":{"line":13,"column":11},"end":{"line":23,"column":5}},"type":"cond-expr","locations":[{"start":{"line":14,"column":8},"end":{"line":20,"column":14}},{"start":{"line":22,"column":8},"end":{"line":22,"column":25}}],"line":13}},"s":{"0":0,"1":0,"2":0,"3":0,"4":0,"5":0},"f":{"0":0,"1":0,"2":0},"b":{"0":[0,0]}}
,"/Users/tarak/Documents/projects/complex/client/src/components/Post/TimeStamp.js": {"path":"/Users/tarak/Documents/projects/complex/client/src/components/Post/TimeStamp.js","statementMap":{},"fnMap":{"0":{"name":"TimeStamp","decl":{"start":{"line":1,"column":24},"end":{"line":1,"column":33}},"loc":{"start":{"line":1,"column":35},"end":{"line":3,"column":1}},"line":1}},"branchMap":{},"s":{},"f":{"0":0},"b":{}}
,"/Users/tarak/Documents/projects/complex/client/src/components/Post/ViewPost.js": {"path":"/Users/tarak/Documents/projects/complex/client/src/components/Post/ViewPost.js","statementMap":{"0":{"start":{"line":23,"column":25},"end":{"line":28,"column":2}},"1":{"start":{"line":30,"column":22},"end":{"line":33,"column":2}},"2":{"start":{"line":38,"column":88},"end":{"line":38,"column":119}},"3":{"start":{"line":39,"column":43},"end":{"line":39,"column":58}},"4":{"start":{"line":40,"column":24},"end":{"line":40,"column":54}},"5":{"start":{"line":41,"column":17},"end":{"line":41,"column":28}},"6":{"start":{"line":42,"column":17},"end":{"line":42,"column":60}},"7":{"start":{"line":42,"column":36},"end":{"line":42,"column":51}},"8":{"start":{"line":43,"column":29},"end":{"line":43,"column":40}},"9":{"start":{"line":44,"column":29},"end":{"line":44,"column":44}},"10":{"start":{"line":45,"column":35},"end":{"line":45,"column":46}},"11":{"start":{"line":48,"column":25},"end":{"line":50,"column":5}},"12":{"start":{"line":51,"column":43},"end":{"line":51,"column":65}},"13":{"start":{"line":53,"column":4},"end":{"line":58,"column":17}},"14":{"start":{"line":54,"column":8},"end":{"line":56,"column":10}},"15":{"start":{"line":55,"column":12},"end":{"line":55,"column":30}},"16":{"start":{"line":57,"column":8},"end":{"line":57,"column":27}},"17":{"start":{"line":60,"column":21},"end":{"line":62,"column":5}},"18":{"start":{"line":61,"column":8},"end":{"line":61,"column":118}},"19":{"start":{"line":61,"column":88},"end":{"line":61,"column":116}},"20":{"start":{"line":61,"column":110},"end":{"line":61,"column":115}},"21":{"start":{"line":64,"column":19},"end":{"line":72,"column":6}},"22":{"start":{"line":69,"column":12},"end":{"line":69,"column":28}},"23":{"start":{"line":70,"column":12},"end":{"line":70,"column":35}},"24":{"start":{"line":74,"column":4},"end":{"line":74,"column":10}},"25":{"start":{"line":76,"column":24},"end":{"line":80,"column":5}},"26":{"start":{"line":77,"column":8},"end":{"line":79,"column":10}},"27":{"start":{"line":78,"column":10},"end":{"line":78,"column":25}},"28":{"start":{"line":82,"column":4},"end":{"line":92,"column":13}},"29":{"start":{"line":83,"column":8},"end":{"line":85,"column":11}},"30":{"start":{"line":84,"column":12},"end":{"line":84,"column":27}},"31":{"start":{"line":86,"column":9},"end":{"line":88,"column":11}},"32":{"start":{"line":87,"column":12},"end":{"line":87,"column":30}},"33":{"start":{"line":89,"column":8},"end":{"line":91,"column":10}},"34":{"start":{"line":89,"column":17},"end":{"line":91,"column":10}},"35":{"start":{"line":90,"column":12},"end":{"line":90,"column":27}},"36":{"start":{"line":95,"column":4},"end":{"line":99,"column":16}},"37":{"start":{"line":96,"column":8},"end":{"line":98,"column":10}},"38":{"start":{"line":97,"column":10},"end":{"line":97,"column":25}},"39":{"start":{"line":101,"column":4},"end":{"line":168,"column":19}},"40":{"start":{"line":125,"column":83},"end":{"line":125,"column":102}},"41":{"start":{"line":129,"column":83},"end":{"line":129,"column":100}},"42":{"start":{"line":133,"column":83},"end":{"line":133,"column":94}},"43":{"start":{"line":153,"column":99},"end":{"line":153,"column":110}},"44":{"start":{"line":172,"column":19},"end":{"line":172,"column":37}},"45":{"start":{"line":173,"column":16},"end":{"line":173,"column":31}},"46":{"start":{"line":174,"column":26},"end":{"line":174,"column":90}},"47":{"start":{"line":174,"column":45},"end":{"line":174,"column":55}}},"fnMap":{"0":{"name":"ViewPost","decl":{"start":{"line":37,"column":9},"end":{"line":37,"column":17}},"loc":{"start":{"line":37,"column":24},"end":{"line":170,"column":1}},"line":37},"1":{"name":"(anonymous_1)","decl":{"start":{"line":42,"column":29},"end":{"line":42,"column":30}},"loc":{"start":{"line":42,"column":36},"end":{"line":42,"column":51}},"line":42},"2":{"name":"(anonymous_2)","decl":{"start":{"line":53,"column":14},"end":{"line":53,"column":15}},"loc":{"start":{"line":53,"column":18},"end":{"line":58,"column":5}},"line":53},"3":{"name":"(anonymous_3)","decl":{"start":{"line":54,"column":24},"end":{"line":54,"column":25}},"loc":{"start":{"line":54,"column":33},"end":{"line":56,"column":9}},"line":54},"4":{"name":"(anonymous_4)","decl":{"start":{"line":60,"column":21},"end":{"line":60,"column":22}},"loc":{"start":{"line":60,"column":41},"end":{"line":62,"column":5}},"line":60},"5":{"name":"(anonymous_5)","decl":{"start":{"line":61,"column":84},"end":{"line":61,"column":85}},"loc":{"start":{"line":61,"column":88},"end":{"line":61,"column":116}},"line":61},"6":{"name":"(anonymous_6)","decl":{"start":{"line":61,"column":104},"end":{"line":61,"column":105}},"loc":{"start":{"line":61,"column":110},"end":{"line":61,"column":115}},"line":61},"7":{"name":"(anonymous_7)","decl":{"start":{"line":68,"column":18},"end":{"line":68,"column":19}},"loc":{"start":{"line":68,"column":41},"end":{"line":71,"column":9}},"line":68},"8":{"name":"(anonymous_8)","decl":{"start":{"line":76,"column":24},"end":{"line":76,"column":25}},"loc":{"start":{"line":76,"column":41},"end":{"line":80,"column":5}},"line":76},"9":{"name":"(anonymous_9)","decl":{"start":{"line":77,"column":30},"end":{"line":77,"column":31}},"loc":{"start":{"line":77,"column":39},"end":{"line":79,"column":9}},"line":77},"10":{"name":"(anonymous_10)","decl":{"start":{"line":82,"column":14},"end":{"line":82,"column":15}},"loc":{"start":{"line":82,"column":18},"end":{"line":92,"column":5}},"line":82},"11":{"name":"(anonymous_11)","decl":{"start":{"line":83,"column":25},"end":{"line":83,"column":26}},"loc":{"start":{"line":83,"column":34},"end":{"line":85,"column":10}},"line":83},"12":{"name":"(anonymous_12)","decl":{"start":{"line":86,"column":29},"end":{"line":86,"column":30}},"loc":{"start":{"line":86,"column":36},"end":{"line":88,"column":10}},"line":86},"13":{"name":"(anonymous_13)","decl":{"start":{"line":89,"column":37},"end":{"line":89,"column":38}},"loc":{"start":{"line":89,"column":46},"end":{"line":91,"column":9}},"line":89},"14":{"name":"(anonymous_14)","decl":{"start":{"line":95,"column":14},"end":{"line":95,"column":15}},"loc":{"start":{"line":95,"column":18},"end":{"line":99,"column":7}},"line":95},"15":{"name":"(anonymous_15)","decl":{"start":{"line":96,"column":21},"end":{"line":96,"column":22}},"loc":{"start":{"line":96,"column":30},"end":{"line":98,"column":9}},"line":96},"16":{"name":"(anonymous_16)","decl":{"start":{"line":125,"column":79},"end":{"line":125,"column":80}},"loc":{"start":{"line":125,"column":83},"end":{"line":125,"column":102}},"line":125},"17":{"name":"(anonymous_17)","decl":{"start":{"line":129,"column":79},"end":{"line":129,"column":80}},"loc":{"start":{"line":129,"column":83},"end":{"line":129,"column":100}},"line":129},"18":{"name":"(anonymous_18)","decl":{"start":{"line":133,"column":79},"end":{"line":133,"column":80}},"loc":{"start":{"line":133,"column":83},"end":{"line":133,"column":94}},"line":133},"19":{"name":"(anonymous_19)","decl":{"start":{"line":153,"column":95},"end":{"line":153,"column":96}},"loc":{"start":{"line":153,"column":99},"end":{"line":153,"column":110}},"line":153},"20":{"name":"(anonymous_20)","decl":{"start":{"line":174,"column":34},"end":{"line":174,"column":35}},"loc":{"start":{"line":174,"column":45},"end":{"line":174,"column":55}},"line":174}},"branchMap":{"0":{"loc":{"start":{"line":42,"column":17},"end":{"line":42,"column":60}},"type":"binary-expr","locations":[{"start":{"line":42,"column":17},"end":{"line":42,"column":52}},{"start":{"line":42,"column":56},"end":{"line":42,"column":60}}],"line":42},"1":{"loc":{"start":{"line":89,"column":8},"end":{"line":91,"column":10}},"type":"if","locations":[{"start":{"line":89,"column":8},"end":{"line":91,"column":10}},{"start":{},"end":{}}],"line":89},"2":{"loc":{"start":{"line":101,"column":11},"end":{"line":168,"column":19}},"type":"cond-expr","locations":[{"start":{"line":101,"column":25},"end":{"line":101,"column":40}},{"start":{"line":101,"column":41},"end":{"line":168,"column":19}}],"line":101},"3":{"loc":{"start":{"line":114,"column":82},"end":{"line":114,"column":164}},"type":"cond-expr","locations":[{"start":{"line":114,"column":104},"end":{"line":114,"column":159}},{"start":{"line":114,"column":160},"end":{"line":114,"column":164}}],"line":114},"4":{"loc":{"start":{"line":124,"column":37},"end":{"line":136,"column":37}},"type":"cond-expr","locations":[{"start":{"line":124,"column":43},"end":{"line":132,"column":37}},{"start":{"line":133,"column":40},"end":{"line":135,"column":53}}],"line":124},"5":{"loc":{"start":{"line":124,"column":43},"end":{"line":132,"column":37}},"type":"cond-expr","locations":[{"start":{"line":125,"column":40},"end":{"line":127,"column":53}},{"start":{"line":129,"column":40},"end":{"line":131,"column":53}}],"line":124},"6":{"loc":{"start":{"line":150,"column":47},"end":{"line":150,"column":80}},"type":"binary-expr","locations":[{"start":{"line":150,"column":47},"end":{"line":150,"column":61}},{"start":{"line":150,"column":65},"end":{"line":150,"column":80}}],"line":150},"7":{"loc":{"start":{"line":151,"column":52},"end":{"line":151,"column":107}},"type":"cond-expr","locations":[{"start":{"line":151,"column":88},"end":{"line":151,"column":100}},{"start":{"line":151,"column":103},"end":{"line":151,"column":107}}],"line":151},"8":{"loc":{"start":{"line":151,"column":52},"end":{"line":151,"column":85}},"type":"binary-expr","locations":[{"start":{"line":151,"column":52},"end":{"line":151,"column":66}},{"start":{"line":151,"column":70},"end":{"line":151,"column":85}}],"line":151},"9":{"loc":{"start":{"line":153,"column":37},"end":{"line":153,"column":125}},"type":"cond-expr","locations":[{"start":{"line":153,"column":42},"end":{"line":153,"column":77}},{"start":{"line":153,"column":78},"end":{"line":153,"column":125}}],"line":153}},"s":{"0":0,"1":0,"2":0,"3":0,"4":0,"5":0,"6":0,"7":0,"8":0,"9":0,"10":0,"11":0,"12":0,"13":0,"14":0,"15":0,"16":0,"17":0,"18":0,"19":0,"20":0,"21":0,"22":0,"23":0,"24":0,"25":0,"26":0,"27":0,"28":0,"29":0,"30":0,"31":0,"32":0,"33":0,"34":0,"35":0,"36":0,"37":0,"38":0,"39":0,"40":0,"41":0,"42":0,"43":0,"44":0,"45":0,"46":0,"47":0},"f":{"0":0,"1":0,"2":0,"3":0,"4":0,"5":0,"6":0,"7":0,"8":0,"9":0,"10":0,"11":0,"12":0,"13":0,"14":0,"15":0,"16":0,"17":0,"18":0,"19":0,"20":0},"b":{"0":[0,0],"1":[0,0],"2":[0,0],"3":[0,0],"4":[0,0],"5":[0,0],"6":[0,0],"7":[0,0],"8":[0,0],"9":[0,0]}}
,"/Users/tarak/Documents/projects/complex/client/src/components/Post/ViewPosts.js": {"path":"/Users/tarak/Documents/projects/complex/client/src/components/Post/ViewPosts.js","statementMap":{"0":{"start":{"line":24,"column":22},"end":{"line":27,"column":2}},"1":{"start":{"line":31,"column":71},"end":{"line":31,"column":102}},"2":{"start":{"line":32,"column":17},"end":{"line":32,"column":60}},"3":{"start":{"line":32,"column":36},"end":{"line":32,"column":51}},"4":{"start":{"line":33,"column":17},"end":{"line":33,"column":28}},"5":{"start":{"line":34,"column":24},"end":{"line":34,"column":54}},"6":{"start":{"line":35,"column":29},"end":{"line":35,"column":40}},"7":{"start":{"line":36,"column":29},"end":{"line":36,"column":44}},"8":{"start":{"line":38,"column":24},"end":{"line":42,"column":5}},"9":{"start":{"line":39,"column":8},"end":{"line":41,"column":10}},"10":{"start":{"line":40,"column":10},"end":{"line":40,"column":25}},"11":{"start":{"line":44,"column":4},"end":{"line":48,"column":13}},"12":{"start":{"line":45,"column":8},"end":{"line":47,"column":10}},"13":{"start":{"line":45,"column":17},"end":{"line":47,"column":10}},"14":{"start":{"line":46,"column":12},"end":{"line":46,"column":27}},"15":{"start":{"line":50,"column":4},"end":{"line":54,"column":16}},"16":{"start":{"line":51,"column":8},"end":{"line":53,"column":10}},"17":{"start":{"line":52,"column":10},"end":{"line":52,"column":25}},"18":{"start":{"line":56,"column":4},"end":{"line":58,"column":9}},"19":{"start":{"line":57,"column":8},"end":{"line":57,"column":27}},"20":{"start":{"line":60,"column":4},"end":{"line":101,"column":5}},"21":{"start":{"line":83,"column":71},"end":{"line":83,"column":90}},"22":{"start":{"line":87,"column":71},"end":{"line":87,"column":88}},"23":{"start":{"line":91,"column":71},"end":{"line":91,"column":82}},"24":{"start":{"line":105,"column":16},"end":{"line":105,"column":31}},"25":{"start":{"line":106,"column":26},"end":{"line":106,"column":77}},"26":{"start":{"line":106,"column":45},"end":{"line":106,"column":55}}},"fnMap":{"0":{"name":"ViewPost","decl":{"start":{"line":30,"column":9},"end":{"line":30,"column":17}},"loc":{"start":{"line":30,"column":24},"end":{"line":102,"column":1}},"line":30},"1":{"name":"(anonymous_1)","decl":{"start":{"line":32,"column":29},"end":{"line":32,"column":30}},"loc":{"start":{"line":32,"column":36},"end":{"line":32,"column":51}},"line":32},"2":{"name":"(anonymous_2)","decl":{"start":{"line":38,"column":24},"end":{"line":38,"column":25}},"loc":{"start":{"line":38,"column":41},"end":{"line":42,"column":5}},"line":38},"3":{"name":"(anonymous_3)","decl":{"start":{"line":39,"column":30},"end":{"line":39,"column":31}},"loc":{"start":{"line":39,"column":39},"end":{"line":41,"column":9}},"line":39},"4":{"name":"(anonymous_4)","decl":{"start":{"line":44,"column":14},"end":{"line":44,"column":15}},"loc":{"start":{"line":44,"column":18},"end":{"line":48,"column":5}},"line":44},"5":{"name":"(anonymous_5)","decl":{"start":{"line":45,"column":37},"end":{"line":45,"column":38}},"loc":{"start":{"line":45,"column":46},"end":{"line":47,"column":9}},"line":45},"6":{"name":"(anonymous_6)","decl":{"start":{"line":50,"column":14},"end":{"line":50,"column":15}},"loc":{"start":{"line":50,"column":18},"end":{"line":54,"column":7}},"line":50},"7":{"name":"(anonymous_7)","decl":{"start":{"line":51,"column":21},"end":{"line":51,"column":22}},"loc":{"start":{"line":51,"column":30},"end":{"line":53,"column":9}},"line":51},"8":{"name":"(anonymous_8)","decl":{"start":{"line":56,"column":14},"end":{"line":56,"column":15}},"loc":{"start":{"line":56,"column":18},"end":{"line":58,"column":5}},"line":56},"9":{"name":"(anonymous_9)","decl":{"start":{"line":83,"column":67},"end":{"line":83,"column":68}},"loc":{"start":{"line":83,"column":71},"end":{"line":83,"column":90}},"line":83},"10":{"name":"(anonymous_10)","decl":{"start":{"line":87,"column":67},"end":{"line":87,"column":68}},"loc":{"start":{"line":87,"column":71},"end":{"line":87,"column":88}},"line":87},"11":{"name":"(anonymous_11)","decl":{"start":{"line":91,"column":67},"end":{"line":91,"column":68}},"loc":{"start":{"line":91,"column":71},"end":{"line":91,"column":82}},"line":91},"12":{"name":"(anonymous_12)","decl":{"start":{"line":106,"column":34},"end":{"line":106,"column":35}},"loc":{"start":{"line":106,"column":45},"end":{"line":106,"column":55}},"line":106}},"branchMap":{"0":{"loc":{"start":{"line":32,"column":17},"end":{"line":32,"column":60}},"type":"binary-expr","locations":[{"start":{"line":32,"column":17},"end":{"line":32,"column":52}},{"start":{"line":32,"column":56},"end":{"line":32,"column":60}}],"line":32},"1":{"loc":{"start":{"line":45,"column":8},"end":{"line":47,"column":10}},"type":"if","locations":[{"start":{"line":45,"column":8},"end":{"line":47,"column":10}},{"start":{},"end":{}}],"line":45},"2":{"loc":{"start":{"line":72,"column":70},"end":{"line":72,"column":152}},"type":"cond-expr","locations":[{"start":{"line":72,"column":92},"end":{"line":72,"column":147}},{"start":{"line":72,"column":148},"end":{"line":72,"column":152}}],"line":72},"3":{"loc":{"start":{"line":82,"column":25},"end":{"line":94,"column":25}},"type":"cond-expr","locations":[{"start":{"line":82,"column":31},"end":{"line":90,"column":25}},{"start":{"line":91,"column":28},"end":{"line":93,"column":41}}],"line":82},"4":{"loc":{"start":{"line":82,"column":31},"end":{"line":90,"column":25}},"type":"cond-expr","locations":[{"start":{"line":83,"column":28},"end":{"line":85,"column":41}},{"start":{"line":87,"column":28},"end":{"line":89,"column":41}}],"line":82}},"s":{"0":0,"1":0,"2":0,"3":0,"4":0,"5":0,"6":0,"7":0,"8":0,"9":0,"10":0,"11":0,"12":0,"13":0,"14":0,"15":0,"16":0,"17":0,"18":0,"19":0,"20":0,"21":0,"22":0,"23":0,"24":0,"25":0,"26":0},"f":{"0":0,"1":0,"2":0,"3":0,"4":0,"5":0,"6":0,"7":0,"8":0,"9":0,"10":0,"11":0,"12":0},"b":{"0":[0,0],"1":[0,0],"2":[0,0],"3":[0,0],"4":[0,0]}}
,"/Users/tarak/Documents/projects/complex/client/src/contexts/context.js": {"path":"/Users/tarak/Documents/projects/complex/client/src/contexts/context.js","statementMap":{"0":{"start":{"line":5,"column":28},"end":{"line":5,"column":54}},"1":{"start":{"line":6,"column":29},"end":{"line":30,"column":1}},"2":{"start":{"line":7,"column":33},"end":{"line":7,"column":54}},"3":{"start":{"line":8,"column":29},"end":{"line":8,"column":50}},"4":{"start":{"line":9,"column":35},"end":{"line":9,"column":56}},"5":{"start":{"line":11,"column":8},"end":{"line":11,"column":26}},"6":{"start":{"line":12,"column":8},"end":{"line":12,"column":22}},"7":{"start":{"line":13,"column":8},"end":{"line":13,"column":24}},"8":{"start":{"line":16,"column":8},"end":{"line":16,"column":25}},"9":{"start":{"line":17,"column":8},"end":{"line":17,"column":23}},"10":{"start":{"line":18,"column":8},"end":{"line":18,"column":24}},"11":{"start":{"line":21,"column":8},"end":{"line":21,"column":26}},"12":{"start":{"line":22,"column":8},"end":{"line":22,"column":23}},"13":{"start":{"line":23,"column":8},"end":{"line":23,"column":25}},"14":{"start":{"line":25,"column":4},"end":{"line":29,"column":5}},"15":{"start":{"line":31,"column":22},"end":{"line":33,"column":2}},"16":{"start":{"line":34,"column":29},"end":{"line":34,"column":55}},"17":{"start":{"line":36,"column":30},"end":{"line":79,"column":1}},"18":{"start":{"line":37,"column":4},"end":{"line":44,"column":9}},"19":{"start":{"line":38,"column":8},"end":{"line":39,"column":10}},"20":{"start":{"line":40,"column":8},"end":{"line":43,"column":10}},"21":{"start":{"line":41,"column":12},"end":{"line":41,"column":28}},"22":{"start":{"line":42,"column":12},"end":{"line":42,"column":63}},"23":{"start":{"line":45,"column":17},"end":{"line":47,"column":5}},"24":{"start":{"line":46,"column":8},"end":{"line":46,"column":52}},"25":{"start":{"line":48,"column":17},"end":{"line":50,"column":5}},"26":{"start":{"line":49,"column":8},"end":{"line":49,"column":36}},"27":{"start":{"line":51,"column":19},"end":{"line":53,"column":5}},"28":{"start":{"line":52,"column":8},"end":{"line":52,"column":54}},"29":{"start":{"line":54,"column":22},"end":{"line":56,"column":5}},"30":{"start":{"line":55,"column":8},"end":{"line":55,"column":46}},"31":{"start":{"line":57,"column":22},"end":{"line":59,"column":5}},"32":{"start":{"line":58,"column":8},"end":{"line":58,"column":46}},"33":{"start":{"line":60,"column":25},"end":{"line":62,"column":5}},"34":{"start":{"line":61,"column":8},"end":{"line":61,"column":49}},"35":{"start":{"line":63,"column":26},"end":{"line":65,"column":5}},"36":{"start":{"line":64,"column":8},"end":{"line":64,"column":53}},"37":{"start":{"line":66,"column":26},"end":{"line":68,"column":5}},"38":{"start":{"line":67,"column":8},"end":{"line":67,"column":53}},"39":{"start":{"line":69,"column":29},"end":{"line":71,"column":5}},"40":{"start":{"line":70,"column":8},"end":{"line":70,"column":56}},"41":{"start":{"line":72,"column":20},"end":{"line":75,"column":5}},"42":{"start":{"line":73,"column":8},"end":{"line":73,"column":26}},"43":{"start":{"line":73,"column":20},"end":{"line":73,"column":26}},"44":{"start":{"line":74,"column":8},"end":{"line":74,"column":55}},"45":{"start":{"line":76,"column":5},"end":{"line":78,"column":5}}},"fnMap":{"0":{"name":"(anonymous_0)","decl":{"start":{"line":6,"column":29},"end":{"line":6,"column":30}},"loc":{"start":{"line":6,"column":43},"end":{"line":30,"column":1}},"line":6},"1":{"name":"openLogin","decl":{"start":{"line":10,"column":13},"end":{"line":10,"column":22}},"loc":{"start":{"line":10,"column":24},"end":{"line":14,"column":5}},"line":10},"2":{"name":"openRegister","decl":{"start":{"line":15,"column":13},"end":{"line":15,"column":25}},"loc":{"start":{"line":15,"column":27},"end":{"line":19,"column":5}},"line":15},"3":{"name":"close","decl":{"start":{"line":20,"column":13},"end":{"line":20,"column":18}},"loc":{"start":{"line":20,"column":20},"end":{"line":24,"column":5}},"line":20},"4":{"name":"(anonymous_4)","decl":{"start":{"line":36,"column":30},"end":{"line":36,"column":31}},"loc":{"start":{"line":36,"column":44},"end":{"line":79,"column":1}},"line":36},"5":{"name":"(anonymous_5)","decl":{"start":{"line":37,"column":14},"end":{"line":37,"column":15}},"loc":{"start":{"line":37,"column":18},"end":{"line":44,"column":5}},"line":37},"6":{"name":"(anonymous_6)","decl":{"start":{"line":38,"column":28},"end":{"line":38,"column":29}},"loc":{"start":{"line":38,"column":32},"end":{"line":39,"column":9}},"line":38},"7":{"name":"(anonymous_7)","decl":{"start":{"line":40,"column":35},"end":{"line":40,"column":36}},"loc":{"start":{"line":40,"column":44},"end":{"line":43,"column":9}},"line":40},"8":{"name":"(anonymous_8)","decl":{"start":{"line":45,"column":17},"end":{"line":45,"column":18}},"loc":{"start":{"line":45,"column":44},"end":{"line":47,"column":5}},"line":45},"9":{"name":"(anonymous_9)","decl":{"start":{"line":48,"column":17},"end":{"line":48,"column":18}},"loc":{"start":{"line":48,"column":28},"end":{"line":50,"column":5}},"line":48},"10":{"name":"(anonymous_10)","decl":{"start":{"line":51,"column":19},"end":{"line":51,"column":20}},"loc":{"start":{"line":51,"column":46},"end":{"line":53,"column":5}},"line":51},"11":{"name":"(anonymous_11)","decl":{"start":{"line":54,"column":22},"end":{"line":54,"column":23}},"loc":{"start":{"line":54,"column":42},"end":{"line":56,"column":5}},"line":54},"12":{"name":"(anonymous_12)","decl":{"start":{"line":57,"column":22},"end":{"line":57,"column":23}},"loc":{"start":{"line":57,"column":42},"end":{"line":59,"column":5}},"line":57},"13":{"name":"(anonymous_13)","decl":{"start":{"line":60,"column":25},"end":{"line":60,"column":26}},"loc":{"start":{"line":60,"column":45},"end":{"line":62,"column":5}},"line":60},"14":{"name":"(anonymous_14)","decl":{"start":{"line":63,"column":26},"end":{"line":63,"column":27}},"loc":{"start":{"line":63,"column":46},"end":{"line":65,"column":5}},"line":63},"15":{"name":"(anonymous_15)","decl":{"start":{"line":66,"column":26},"end":{"line":66,"column":27}},"loc":{"start":{"line":66,"column":46},"end":{"line":68,"column":5}},"line":66},"16":{"name":"(anonymous_16)","decl":{"start":{"line":69,"column":29},"end":{"line":69,"column":30}},"loc":{"start":{"line":69,"column":49},"end":{"line":71,"column":5}},"line":69},"17":{"name":"(anonymous_17)","decl":{"start":{"line":72,"column":20},"end":{"line":72,"column":21}},"loc":{"start":{"line":72,"column":47},"end":{"line":75,"column":5}},"line":72}},"branchMap":{"0":{"loc":{"start":{"line":73,"column":8},"end":{"line":73,"column":26}},"type":"if","locations":[{"start":{"line":73,"column":8},"end":{"line":73,"column":26}},{"start":{},"end":{}}],"line":73}},"s":{"0":0,"1":0,"2":0,"3":0,"4":0,"5":0,"6":0,"7":0,"8":0,"9":0,"10":0,"11":0,"12":0,"13":0,"14":0,"15":0,"16":0,"17":0,"18":0,"19":0,"20":0,"21":0,"22":0,"23":0,"24":0,"25":0,"26":0,"27":0,"28":0,"29":0,"30":0,"31":0,"32":0,"33":0,"34":0,"35":0,"36":0,"37":0,"38":0,"39":0,"40":0,"41":0,"42":0,"43":0,"44":0,"45":0},"f":{"0":0,"1":0,"2":0,"3":0,"4":0,"5":0,"6":0,"7":0,"8":0,"9":0,"10":0,"11":0,"12":0,"13":0,"14":0,"15":0,"16":0,"17":0},"b":{"0":[0,0]}}
,"/Users/tarak/Documents/projects/complex/client/src/routes/index.js": {"path":"/Users/tarak/Documents/projects/complex/client/src/routes/index.js","statementMap":{"0":{"start":{"line":11,"column":2},"end":{"line":23,"column":4}}},"fnMap":{"0":{"name":"Routing","decl":{"start":{"line":10,"column":9},"end":{"line":10,"column":16}},"loc":{"start":{"line":10,"column":18},"end":{"line":24,"column":1}},"line":10}},"branchMap":{},"s":{"0":0},"f":{"0":0},"b":{}}
,"/Users/tarak/Documents/projects/complex/client/src/store/index.js": {"path":"/Users/tarak/Documents/projects/complex/client/src/store/index.js","statementMap":{"0":{"start":{"line":10,"column":21},"end":{"line":10,"column":43}},"1":{"start":{"line":12,"column":14},"end":{"line":17,"column":2}},"2":{"start":{"line":18,"column":0},"end":{"line":18,"column":29}}},"fnMap":{},"branchMap":{},"s":{"0":0,"1":0,"2":0},"f":{},"b":{}}
,"/Users/tarak/Documents/projects/complex/client/src/store/reducer.js": {"path":"/Users/tarak/Documents/projects/complex/client/src/store/reducer.js","statementMap":{},"fnMap":{},"branchMap":{},"s":{},"f":{},"b":{}}
,"/Users/tarak/Documents/projects/complex/client/src/store/saga.js": {"path":"/Users/tarak/Documents/projects/complex/client/src/store/saga.js","statementMap":{"0":{"start":{"line":5,"column":4},"end":{"line":8,"column":7}}},"fnMap":{"0":{"name":"rootSaga","decl":{"start":{"line":4,"column":25},"end":{"line":4,"column":33}},"loc":{"start":{"line":4,"column":35},"end":{"line":9,"column":1}},"line":4}},"branchMap":{},"s":{"0":0},"f":{"0":0},"b":{}}
,"/Users/tarak/Documents/projects/complex/client/src/store/auth/actions.js": {"path":"/Users/tarak/Documents/projects/complex/client/src/store/auth/actions.js","statementMap":{"0":{"start":{"line":6,"column":20},"end":{"line":9,"column":1}},"1":{"start":{"line":7,"column":2},"end":{"line":8,"column":60}},"2":{"start":{"line":7,"column":12},"end":{"line":7,"column":78}},"3":{"start":{"line":8,"column":7},"end":{"line":8,"column":60}},"4":{"start":{"line":11,"column":21},"end":{"line":20,"column":1}},"5":{"start":{"line":21,"column":14},"end":{"line":21,"column":21}},"6":{"start":{"line":22,"column":20},"end":{"line":75,"column":2}},"7":{"start":{"line":27,"column":6},"end":{"line":27,"column":27}},"8":{"start":{"line":28,"column":6},"end":{"line":28,"column":27}},"9":{"start":{"line":31,"column":6},"end":{"line":31,"column":28}},"10":{"start":{"line":32,"column":6},"end":{"line":32,"column":44}},"11":{"start":{"line":33,"column":6},"end":{"line":33,"column":36}},"12":{"start":{"line":34,"column":6},"end":{"line":34,"column":36}},"13":{"start":{"line":35,"column":6},"end":{"line":35,"column":30}},"14":{"start":{"line":36,"column":6},"end":{"line":36,"column":65}},"15":{"start":{"line":37,"column":6},"end":{"line":37,"column":43}},"16":{"start":{"line":40,"column":6},"end":{"line":40,"column":28}},"17":{"start":{"line":41,"column":6},"end":{"line":41,"column":36}},"18":{"start":{"line":42,"column":6},"end":{"line":42,"column":22}},"19":{"start":{"line":45,"column":6},"end":{"line":45,"column":27}},"20":{"start":{"line":46,"column":6},"end":{"line":46,"column":27}},"21":{"start":{"line":49,"column":6},"end":{"line":49,"column":28}},"22":{"start":{"line":50,"column":6},"end":{"line":50,"column":30}},"23":{"start":{"line":53,"column":6},"end":{"line":53,"column":28}},"24":{"start":{"line":54,"column":6},"end":{"line":54,"column":36}},"25":{"start":{"line":57,"column":6},"end":{"line":57,"column":31}},"26":{"start":{"line":58,"column":6},"end":{"line":58,"column":27}},"27":{"start":{"line":61,"column":6},"end":{"line":61,"column":27}},"28":{"start":{"line":64,"column":8},"end":{"line":64,"column":29}},"29":{"start":{"line":65,"column":8},"end":{"line":65,"column":29}},"30":{"start":{"line":68,"column":6},"end":{"line":68,"column":28}},"31":{"start":{"line":69,"column":6},"end":{"line":69,"column":25}},"32":{"start":{"line":70,"column":6},"end":{"line":70,"column":24}},"33":{"start":{"line":71,"column":6},"end":{"line":71,"column":30}},"34":{"start":{"line":72,"column":6},"end":{"line":72,"column":30}},"35":{"start":{"line":77,"column":33},"end":{"line":77,"column":44}},"36":{"start":{"line":78,"column":34},"end":{"line":81,"column":1}},"37":{"start":{"line":79,"column":2},"end":{"line":79,"column":30}},"38":{"start":{"line":80,"column":2},"end":{"line":80,"column":26}}},"fnMap":{"0":{"name":"(anonymous_0)","decl":{"start":{"line":6,"column":20},"end":{"line":6,"column":21}},"loc":{"start":{"line":6,"column":27},"end":{"line":9,"column":1}},"line":6},"1":{"name":"(anonymous_1)","decl":{"start":{"line":26,"column":11},"end":{"line":26,"column":12}},"loc":{"start":{"line":26,"column":35},"end":{"line":29,"column":5}},"line":26},"2":{"name":"(anonymous_2)","decl":{"start":{"line":30,"column":18},"end":{"line":30,"column":19}},"loc":{"start":{"line":30,"column":42},"end":{"line":38,"column":5}},"line":30},"3":{"name":"(anonymous_3)","decl":{"start":{"line":39,"column":17},"end":{"line":39,"column":18}},"loc":{"start":{"line":39,"column":41},"end":{"line":43,"column":5}},"line":39},"4":{"name":"(anonymous_4)","decl":{"start":{"line":44,"column":14},"end":{"line":44,"column":15}},"loc":{"start":{"line":44,"column":38},"end":{"line":47,"column":5}},"line":44},"5":{"name":"(anonymous_5)","decl":{"start":{"line":48,"column":21},"end":{"line":48,"column":22}},"loc":{"start":{"line":48,"column":45},"end":{"line":51,"column":5}},"line":48},"6":{"name":"(anonymous_6)","decl":{"start":{"line":52,"column":20},"end":{"line":52,"column":21}},"loc":{"start":{"line":52,"column":44},"end":{"line":55,"column":5}},"line":52},"7":{"name":"(anonymous_7)","decl":{"start":{"line":56,"column":16},"end":{"line":56,"column":17}},"loc":{"start":{"line":56,"column":27},"end":{"line":59,"column":5}},"line":56},"8":{"name":"(anonymous_8)","decl":{"start":{"line":60,"column":16},"end":{"line":60,"column":17}},"loc":{"start":{"line":60,"column":40},"end":{"line":62,"column":5}},"line":60},"9":{"name":"(anonymous_9)","decl":{"start":{"line":63,"column":11},"end":{"line":63,"column":12}},"loc":{"start":{"line":63,"column":30},"end":{"line":66,"column":5}},"line":63},"10":{"name":"(anonymous_10)","decl":{"start":{"line":67,"column":19},"end":{"line":67,"column":20}},"loc":{"start":{"line":67,"column":43},"end":{"line":73,"column":5}},"line":67},"11":{"name":"(anonymous_11)","decl":{"start":{"line":78,"column":34},"end":{"line":78,"column":35}},"loc":{"start":{"line":78,"column":45},"end":{"line":81,"column":1}},"line":78}},"branchMap":{"0":{"loc":{"start":{"line":7,"column":2},"end":{"line":8,"column":60}},"type":"if","locations":[{"start":{"line":7,"column":2},"end":{"line":8,"column":60}},{"start":{"line":8,"column":7},"end":{"line":8,"column":60}}],"line":7}},"s":{"0":0,"1":0,"2":0,"3":0,"4":0,"5":0,"6":0,"7":0,"8":0,"9":0,"10":0,"11":0,"12":0,"13":0,"14":0,"15":0,"16":0,"17":0,"18":0,"19":0,"20":0,"21":0,"22":0,"23":0,"24":0,"25":0,"26":0,"27":0,"28":0,"29":0,"30":0,"31":0,"32":0,"33":0,"34":0,"35":0,"36":0,"37":0,"38":0},"f":{"0":0,"1":0,"2":0,"3":0,"4":0,"5":0,"6":0,"7":0,"8":0,"9":0,"10":0,"11":0},"b":{"0":[0,0]}}
,"/Users/tarak/Documents/projects/complex/client/src/store/auth/saga.js": {"path":"/Users/tarak/Documents/projects/complex/client/src/store/auth/saga.js","statementMap":{"0":{"start":{"line":8,"column":2},"end":{"line":21,"column":3}},"1":{"start":{"line":9,"column":29},"end":{"line":9,"column":36}},"2":{"start":{"line":10,"column":21},"end":{"line":16,"column":6}},"3":{"start":{"line":11,"column":6},"end":{"line":15,"column":11}},"4":{"start":{"line":14,"column":10},"end":{"line":14,"column":21}},"5":{"start":{"line":17,"column":4},"end":{"line":17,"column":46}},"6":{"start":{"line":18,"column":4},"end":{"line":18,"column":28}},"7":{"start":{"line":20,"column":4},"end":{"line":20,"column":67}},"8":{"start":{"line":24,"column":2},"end":{"line":38,"column":3}},"9":{"start":{"line":25,"column":38},"end":{"line":25,"column":45}},"10":{"start":{"line":26,"column":21},"end":{"line":33,"column":6}},"11":{"start":{"line":27,"column":6},"end":{"line":32,"column":11}},"12":{"start":{"line":30,"column":10},"end":{"line":30,"column":27}},"13":{"start":{"line":31,"column":10},"end":{"line":31,"column":21}},"14":{"start":{"line":34,"column":4},"end":{"line":34,"column":49}},"15":{"start":{"line":35,"column":4},"end":{"line":35,"column":31}},"16":{"start":{"line":37,"column":4},"end":{"line":37,"column":68}},"17":{"start":{"line":41,"column":2},"end":{"line":53,"column":3}},"18":{"start":{"line":42,"column":21},"end":{"line":48,"column":6}},"19":{"start":{"line":43,"column":6},"end":{"line":47,"column":11}},"20":{"start":{"line":46,"column":10},"end":{"line":46,"column":21}},"21":{"start":{"line":49,"column":4},"end":{"line":49,"column":41}},"22":{"start":{"line":50,"column":4},"end":{"line":50,"column":30}},"23":{"start":{"line":52,"column":4},"end":{"line":52,"column":22}},"24":{"start":{"line":56,"column":4},"end":{"line":67,"column":5}},"25":{"start":{"line":57,"column":23},"end":{"line":63,"column":8}},"26":{"start":{"line":58,"column":8},"end":{"line":62,"column":13}},"27":{"start":{"line":61,"column":12},"end":{"line":61,"column":23}},"28":{"start":{"line":64,"column":6},"end":{"line":64,"column":47}},"29":{"start":{"line":66,"column":6},"end":{"line":66,"column":42}},"30":{"start":{"line":70,"column":2},"end":{"line":70,"column":40}},"31":{"start":{"line":71,"column":2},"end":{"line":71,"column":50}},"32":{"start":{"line":72,"column":2},"end":{"line":72,"column":46}},"33":{"start":{"line":73,"column":2},"end":{"line":73,"column":42}}},"fnMap":{"0":{"name":"login","decl":{"start":{"line":7,"column":10},"end":{"line":7,"column":15}},"loc":{"start":{"line":7,"column":29},"end":{"line":22,"column":1}},"line":7},"1":{"name":"(anonymous_1)","decl":{"start":{"line":10,"column":32},"end":{"line":10,"column":33}},"loc":{"start":{"line":10,"column":44},"end":{"line":16,"column":5}},"line":10},"2":{"name":"(anonymous_2)","decl":{"start":{"line":13,"column":14},"end":{"line":13,"column":15}},"loc":{"start":{"line":13,"column":23},"end":{"line":15,"column":9}},"line":13},"3":{"name":"register","decl":{"start":{"line":23,"column":10},"end":{"line":23,"column":18}},"loc":{"start":{"line":23,"column":32},"end":{"line":39,"column":1}},"line":23},"4":{"name":"(anonymous_4)","decl":{"start":{"line":26,"column":32},"end":{"line":26,"column":33}},"loc":{"start":{"line":26,"column":44},"end":{"line":33,"column":5}},"line":26},"5":{"name":"(anonymous_5)","decl":{"start":{"line":29,"column":14},"end":{"line":29,"column":15}},"loc":{"start":{"line":29,"column":23},"end":{"line":32,"column":9}},"line":29},"6":{"name":"logout","decl":{"start":{"line":40,"column":10},"end":{"line":40,"column":16}},"loc":{"start":{"line":40,"column":30},"end":{"line":54,"column":1}},"line":40},"7":{"name":"(anonymous_7)","decl":{"start":{"line":42,"column":32},"end":{"line":42,"column":33}},"loc":{"start":{"line":42,"column":44},"end":{"line":48,"column":5}},"line":42},"8":{"name":"(anonymous_8)","decl":{"start":{"line":45,"column":14},"end":{"line":45,"column":15}},"loc":{"start":{"line":45,"column":23},"end":{"line":47,"column":9}},"line":45},"9":{"name":"getProfile","decl":{"start":{"line":55,"column":10},"end":{"line":55,"column":20}},"loc":{"start":{"line":55,"column":34},"end":{"line":68,"column":1}},"line":55},"10":{"name":"(anonymous_10)","decl":{"start":{"line":57,"column":34},"end":{"line":57,"column":35}},"loc":{"start":{"line":57,"column":46},"end":{"line":63,"column":7}},"line":57},"11":{"name":"(anonymous_11)","decl":{"start":{"line":60,"column":16},"end":{"line":60,"column":17}},"loc":{"start":{"line":60,"column":25},"end":{"line":62,"column":11}},"line":60},"12":{"name":"authSaga","decl":{"start":{"line":69,"column":17},"end":{"line":69,"column":25}},"loc":{"start":{"line":69,"column":28},"end":{"line":74,"column":1}},"line":69}},"branchMap":{},"s":{"0":0,"1":0,"2":0,"3":0,"4":0,"5":0,"6":0,"7":0,"8":0,"9":0,"10":0,"11":0,"12":0,"13":0,"14":0,"15":0,"16":0,"17":0,"18":0,"19":0,"20":0,"21":0,"22":0,"23":0,"24":0,"25":0,"26":0,"27":0,"28":0,"29":0,"30":0,"31":0,"32":0,"33":0},"f":{"0":0,"1":0,"2":0,"3":0,"4":0,"5":0,"6":0,"7":0,"8":0,"9":0,"10":0,"11":0,"12":0},"b":{}}
,"/Users/tarak/Documents/projects/complex/client/src/store/post/actions.js": {"path":"/Users/tarak/Documents/projects/complex/client/src/store/post/actions.js","statementMap":{"0":{"start":{"line":2,"column":21},"end":{"line":12,"column":1}},"1":{"start":{"line":13,"column":20},"end":{"line":50,"column":2}},"2":{"start":{"line":18,"column":6},"end":{"line":18,"column":26}},"3":{"start":{"line":19,"column":6},"end":{"line":19,"column":26}},"4":{"start":{"line":22,"column":8},"end":{"line":22,"column":29}},"5":{"start":{"line":23,"column":8},"end":{"line":23,"column":29}},"6":{"start":{"line":26,"column":8},"end":{"line":26,"column":28}},"7":{"start":{"line":27,"column":8},"end":{"line":27,"column":28}},"8":{"start":{"line":30,"column":8},"end":{"line":30,"column":29}},"9":{"start":{"line":31,"column":8},"end":{"line":31,"column":28}},"10":{"start":{"line":34,"column":8},"end":{"line":34,"column":28}},"11":{"start":{"line":35,"column":8},"end":{"line":35,"column":28}},"12":{"start":{"line":38,"column":8},"end":{"line":38,"column":29}},"13":{"start":{"line":41,"column":6},"end":{"line":41,"column":26}},"14":{"start":{"line":42,"column":6},"end":{"line":42,"column":26}},"15":{"start":{"line":45,"column":6},"end":{"line":45,"column":26}},"16":{"start":{"line":52,"column":33},"end":{"line":52,"column":44}}},"fnMap":{"0":{"name":"(anonymous_0)","decl":{"start":{"line":17,"column":13},"end":{"line":17,"column":14}},"loc":{"start":{"line":17,"column":34},"end":{"line":20,"column":5}},"line":17},"1":{"name":"(anonymous_1)","decl":{"start":{"line":21,"column":20},"end":{"line":21,"column":21}},"loc":{"start":{"line":21,"column":39},"end":{"line":24,"column":5}},"line":21},"2":{"name":"(anonymous_2)","decl":{"start":{"line":25,"column":12},"end":{"line":25,"column":13}},"loc":{"start":{"line":25,"column":31},"end":{"line":28,"column":5}},"line":25},"3":{"name":"(anonymous_3)","decl":{"start":{"line":29,"column":19},"end":{"line":29,"column":20}},"loc":{"start":{"line":29,"column":38},"end":{"line":32,"column":5}},"line":29},"4":{"name":"(anonymous_4)","decl":{"start":{"line":33,"column":15},"end":{"line":33,"column":16}},"loc":{"start":{"line":33,"column":34},"end":{"line":36,"column":5}},"line":33},"5":{"name":"(anonymous_5)","decl":{"start":{"line":37,"column":22},"end":{"line":37,"column":23}},"loc":{"start":{"line":37,"column":34},"end":{"line":39,"column":5}},"line":37},"6":{"name":"(anonymous_6)","decl":{"start":{"line":40,"column":26},"end":{"line":40,"column":27}},"loc":{"start":{"line":40,"column":45},"end":{"line":43,"column":5}},"line":40},"7":{"name":"(anonymous_7)","decl":{"start":{"line":44,"column":33},"end":{"line":44,"column":34}},"loc":{"start":{"line":44,"column":52},"end":{"line":48,"column":5}},"line":44}},"branchMap":{},"s":{"0":0,"1":0,"2":0,"3":0,"4":0,"5":0,"6":0,"7":0,"8":0,"9":0,"10":0,"11":0,"12":0,"13":0,"14":0,"15":0,"16":0},"f":{"0":0,"1":0,"2":0,"3":0,"4":0,"5":0,"6":0,"7":0},"b":{}}
,"/Users/tarak/Documents/projects/complex/client/src/store/post/saga.js": {"path":"/Users/tarak/Documents/projects/complex/client/src/store/post/saga.js","statementMap":{"0":{"start":{"line":8,"column":4},"end":{"line":20,"column":5}},"1":{"start":{"line":9,"column":23},"end":{"line":9,"column":30}},"2":{"start":{"line":10,"column":23},"end":{"line":16,"column":8}},"3":{"start":{"line":11,"column":8},"end":{"line":15,"column":13}},"4":{"start":{"line":14,"column":12},"end":{"line":14,"column":23}},"5":{"start":{"line":17,"column":6},"end":{"line":17,"column":61}},"6":{"start":{"line":19,"column":6},"end":{"line":19,"column":24}},"7":{"start":{"line":23,"column":4},"end":{"line":35,"column":5}},"8":{"start":{"line":24,"column":19},"end":{"line":24,"column":26}},"9":{"start":{"line":25,"column":23},"end":{"line":31,"column":8}},"10":{"start":{"line":26,"column":8},"end":{"line":30,"column":13}},"11":{"start":{"line":29,"column":12},"end":{"line":29,"column":23}},"12":{"start":{"line":32,"column":6},"end":{"line":32,"column":63}},"13":{"start":{"line":34,"column":6},"end":{"line":34,"column":24}},"14":{"start":{"line":38,"column":4},"end":{"line":52,"column":5}},"15":{"start":{"line":39,"column":42},"end":{"line":39,"column":49}},"16":{"start":{"line":40,"column":23},"end":{"line":46,"column":8}},"17":{"start":{"line":41,"column":8},"end":{"line":45,"column":13}},"18":{"start":{"line":44,"column":12},"end":{"line":44,"column":23}},"19":{"start":{"line":47,"column":6},"end":{"line":47,"column":29}},"20":{"start":{"line":47,"column":19},"end":{"line":47,"column":29}},"21":{"start":{"line":48,"column":6},"end":{"line":48,"column":47}},"22":{"start":{"line":51,"column":6},"end":{"line":51,"column":24}},"23":{"start":{"line":55,"column":2},"end":{"line":68,"column":3}},"24":{"start":{"line":56,"column":17},"end":{"line":56,"column":24}},"25":{"start":{"line":57,"column":21},"end":{"line":63,"column":6}},"26":{"start":{"line":58,"column":6},"end":{"line":62,"column":11}},"27":{"start":{"line":61,"column":10},"end":{"line":61,"column":21}},"28":{"start":{"line":64,"column":4},"end":{"line":64,"column":72}},"29":{"start":{"line":67,"column":4},"end":{"line":67,"column":22}},"30":{"start":{"line":72,"column":4},"end":{"line":72,"column":48}},"31":{"start":{"line":73,"column":4},"end":{"line":73,"column":52}},"32":{"start":{"line":74,"column":4},"end":{"line":74,"column":46}},"33":{"start":{"line":75,"column":4},"end":{"line":75,"column":74}}},"fnMap":{"0":{"name":"getPosts","decl":{"start":{"line":7,"column":10},"end":{"line":7,"column":18}},"loc":{"start":{"line":7,"column":32},"end":{"line":21,"column":1}},"line":7},"1":{"name":"(anonymous_1)","decl":{"start":{"line":10,"column":34},"end":{"line":10,"column":35}},"loc":{"start":{"line":10,"column":46},"end":{"line":16,"column":7}},"line":10},"2":{"name":"(anonymous_2)","decl":{"start":{"line":13,"column":16},"end":{"line":13,"column":17}},"loc":{"start":{"line":13,"column":25},"end":{"line":15,"column":11}},"line":13},"3":{"name":"getPost","decl":{"start":{"line":22,"column":10},"end":{"line":22,"column":17}},"loc":{"start":{"line":22,"column":31},"end":{"line":36,"column":1}},"line":22},"4":{"name":"(anonymous_4)","decl":{"start":{"line":25,"column":34},"end":{"line":25,"column":35}},"loc":{"start":{"line":25,"column":46},"end":{"line":31,"column":7}},"line":25},"5":{"name":"(anonymous_5)","decl":{"start":{"line":28,"column":16},"end":{"line":28,"column":17}},"loc":{"start":{"line":28,"column":25},"end":{"line":30,"column":11}},"line":28},"6":{"name":"commentAdd","decl":{"start":{"line":37,"column":10},"end":{"line":37,"column":20}},"loc":{"start":{"line":37,"column":34},"end":{"line":53,"column":1}},"line":37},"7":{"name":"(anonymous_7)","decl":{"start":{"line":40,"column":34},"end":{"line":40,"column":35}},"loc":{"start":{"line":40,"column":46},"end":{"line":46,"column":7}},"line":40},"8":{"name":"(anonymous_8)","decl":{"start":{"line":43,"column":16},"end":{"line":43,"column":17}},"loc":{"start":{"line":43,"column":25},"end":{"line":45,"column":11}},"line":43},"9":{"name":"getCommentsByParentId","decl":{"start":{"line":54,"column":10},"end":{"line":54,"column":31}},"loc":{"start":{"line":54,"column":45},"end":{"line":69,"column":1}},"line":54},"10":{"name":"(anonymous_10)","decl":{"start":{"line":57,"column":32},"end":{"line":57,"column":33}},"loc":{"start":{"line":57,"column":44},"end":{"line":63,"column":5}},"line":57},"11":{"name":"(anonymous_11)","decl":{"start":{"line":60,"column":14},"end":{"line":60,"column":15}},"loc":{"start":{"line":60,"column":23},"end":{"line":62,"column":9}},"line":60},"12":{"name":"postSaga","decl":{"start":{"line":71,"column":17},"end":{"line":71,"column":25}},"loc":{"start":{"line":71,"column":28},"end":{"line":76,"column":1}},"line":71}},"branchMap":{"0":{"loc":{"start":{"line":47,"column":6},"end":{"line":47,"column":29}},"type":"if","locations":[{"start":{"line":47,"column":6},"end":{"line":47,"column":29}},{"start":{},"end":{}}],"line":47}},"s":{"0":0,"1":0,"2":0,"3":0,"4":0,"5":0,"6":0,"7":0,"8":0,"9":0,"10":0,"11":0,"12":0,"13":0,"14":0,"15":0,"16":0,"17":0,"18":0,"19":0,"20":0,"21":0,"22":0,"23":0,"24":0,"25":0,"26":0,"27":0,"28":0,"29":0,"30":0,"31":0,"32":0,"33":0},"f":{"0":0,"1":0,"2":0,"3":0,"4":0,"5":0,"6":0,"7":0,"8":0,"9":0,"10":0,"11":0,"12":0},"b":{"0":[0,0]}}
,"/Users/tarak/Documents/projects/complex/client/src/utils/Loading.js": {"path":"/Users/tarak/Documents/projects/complex/client/src/utils/Loading.js","statementMap":{"0":{"start":{"line":4,"column":2},"end":{"line":9,"column":4}}},"fnMap":{"0":{"name":"Loading","decl":{"start":{"line":3,"column":9},"end":{"line":3,"column":16}},"loc":{"start":{"line":3,"column":19},"end":{"line":10,"column":1}},"line":3}},"branchMap":{},"s":{"0":0},"f":{"0":0},"b":{}}
,"/Users/tarak/Documents/projects/complex/client/src/utils/LoadingModal.js": {"path":"/Users/tarak/Documents/projects/complex/client/src/utils/LoadingModal.js","statementMap":{"0":{"start":{"line":9,"column":14},"end":{"line":19,"column":1}},"1":{"start":{"line":22,"column":2},"end":{"line":40,"column":4}}},"fnMap":{"0":{"name":"LoadingModal","decl":{"start":{"line":21,"column":24},"end":{"line":21,"column":36}},"loc":{"start":{"line":21,"column":44},"end":{"line":41,"column":1}},"line":21}},"branchMap":{},"s":{"0":0,"1":0},"f":{"0":0},"b":{}}
}
